16-Aug-2021 20:15:37.845 정보 [main] org.apache.catalina.startup.VersionLoggerListener.log 서버 버전 이름:    Apache Tomcat/8.5.69
16-Aug-2021 20:15:37.864 정보 [main] org.apache.catalina.startup.VersionLoggerListener.log Server 빌드 시각:  Jun 30 2021 18:00:00 UTC
16-Aug-2021 20:15:37.865 정보 [main] org.apache.catalina.startup.VersionLoggerListener.log Server 버전 번호:  8.5.69.0
16-Aug-2021 20:15:37.865 정보 [main] org.apache.catalina.startup.VersionLoggerListener.log 운영체제 이름:     Windows 10
16-Aug-2021 20:15:37.865 정보 [main] org.apache.catalina.startup.VersionLoggerListener.log 운영체제 버전:     10.0
16-Aug-2021 20:15:37.866 정보 [main] org.apache.catalina.startup.VersionLoggerListener.log 아키텍처:          amd64
16-Aug-2021 20:15:37.866 정보 [main] org.apache.catalina.startup.VersionLoggerListener.log 자바 홈:           C:\Program Files\Java\jdk1.8.0_261\jre
16-Aug-2021 20:15:37.866 정보 [main] org.apache.catalina.startup.VersionLoggerListener.log JVM 버전:          1.8.0_261-b12
16-Aug-2021 20:15:37.867 정보 [main] org.apache.catalina.startup.VersionLoggerListener.log JVM 벤더:          Oracle Corporation
16-Aug-2021 20:15:37.867 정보 [main] org.apache.catalina.startup.VersionLoggerListener.log CATALINA_BASE:     C:\Users\emdgu\apache-tomcat-8.5.69\apache-tomcat-8.5.69
16-Aug-2021 20:15:37.867 정보 [main] org.apache.catalina.startup.VersionLoggerListener.log CATALINA_HOME:     C:\Users\emdgu\apache-tomcat-8.5.69\apache-tomcat-8.5.69
16-Aug-2021 20:15:37.869 정보 [main] org.apache.catalina.startup.VersionLoggerListener.log 명령 행 아규먼트:  -Djava.util.logging.config.file=C:\Users\emdgu\apache-tomcat-8.5.69\apache-tomcat-8.5.69\conf\logging.properties
16-Aug-2021 20:15:37.870 정보 [main] org.apache.catalina.startup.VersionLoggerListener.log 명령 행 아규먼트:  -Djava.util.logging.manager=org.apache.juli.ClassLoaderLogManager
16-Aug-2021 20:15:37.872 정보 [main] org.apache.catalina.startup.VersionLoggerListener.log 명령 행 아규먼트:  -Djdk.tls.ephemeralDHKeySize=2048
16-Aug-2021 20:15:37.874 정보 [main] org.apache.catalina.startup.VersionLoggerListener.log 명령 행 아규먼트:  -Djava.protocol.handler.pkgs=org.apache.catalina.webresources
16-Aug-2021 20:15:37.876 정보 [main] org.apache.catalina.startup.VersionLoggerListener.log 명령 행 아규먼트:  -Dignore.endorsed.dirs=
16-Aug-2021 20:15:37.884 정보 [main] org.apache.catalina.startup.VersionLoggerListener.log 명령 행 아규먼트:  -Dcatalina.base=C:\Users\emdgu\apache-tomcat-8.5.69\apache-tomcat-8.5.69
16-Aug-2021 20:15:37.886 정보 [main] org.apache.catalina.startup.VersionLoggerListener.log 명령 행 아규먼트:  -Dcatalina.home=C:\Users\emdgu\apache-tomcat-8.5.69\apache-tomcat-8.5.69
16-Aug-2021 20:15:37.888 정보 [main] org.apache.catalina.startup.VersionLoggerListener.log 명령 행 아규먼트:  -Djava.io.tmpdir=C:\Users\emdgu\apache-tomcat-8.5.69\apache-tomcat-8.5.69\temp
16-Aug-2021 20:15:37.890 정보 [main] org.apache.catalina.core.AprLifecycleListener.lifecycleEvent 프로덕션 환경들에서 최적의 성능을 제공하는, APR 기반 Apache Tomcat Native 라이브러리가, 다음 java.library.path에서 발견되지 않습니다: [C:\Program Files\Java\jdk1.8.0_261\bin;C:\WINDOWS\Sun\Java\bin;C:\WINDOWS\system32;C:\WINDOWS;C:\app\emdgu\product\12.1.0\dbhome_1\bin;C:\app\emdgu\product\12.1.0\client_3;C:\app\emdgu\product\12.1.0\client_2;C:\app\emdgu\product\12.1.0\client_1;C:\Users\emdgu\WINDOWS.X64_193000_db_home\bin;C:\Users\emdgu\Downloads\WINDOWS.X64_193000_db_home\bin;C:\Program Files (x86)\Common Files\Oracle\Java\javapath;C:\Program Files (x86)\Intel\Intel(R) Management Engine Components\iCLS\;C:\Program Files\Intel\Intel(R) Management Engine Components\iCLS\;C:\WINDOWS\system32;C:\WINDOWS;C:\WINDOWS\System32\Wbem;C:\WINDOWS\System32\WindowsPowerShell\v1.0\;C:\WINDOWS\System32\OpenSSH\;C:\Program Files (x86)\Intel\Intel(R) Management Engine Components\DAL;C:\Program Files\Intel\Intel(R) Management Engine Components\DAL;C:\Program Files\Java\jdk1.8.0_261\bin;C:\Program Files\Java\jdk1.8.0_261\bin;C:\Program Files\Git\cmd;C:\Users\emdgu\AppData\Local\Microsoft\WindowsApps;;.]
16-Aug-2021 20:15:38.204 정보 [main] org.apache.coyote.AbstractProtocol.init 프로토콜 핸들러 ["http-nio-8080"]을(를) 초기화합니다.
16-Aug-2021 20:15:39.198 정보 [main] org.apache.tomcat.util.net.NioSelectorPool.getSharedSelector Using a shared selector for servlet write/read
16-Aug-2021 20:15:39.221 정보 [main] org.apache.catalina.startup.Catalina.load Initialization processed in 2073 ms
16-Aug-2021 20:15:39.275 정보 [main] org.apache.catalina.core.StandardService.startInternal 서비스 [Catalina]을(를) 시작합니다.
16-Aug-2021 20:15:39.282 정보 [main] org.apache.catalina.core.StandardEngine.startInternal 서버 엔진을 시작합니다: [Apache Tomcat/8.5.69]
16-Aug-2021 20:15:39.300 정보 [localhost-startStop-1] org.apache.catalina.startup.HostConfig.deployDirectory 웹 애플리케이션 디렉토리 [C:\Users\emdgu\apache-tomcat-8.5.69\apache-tomcat-8.5.69\webapps\appB]을(를) 배치합니다.
16-Aug-2021 20:15:39.688 정보 [localhost-startStop-1] org.apache.catalina.startup.HostConfig.deployDirectory 웹 애플리케이션 디렉토리 [C:\Users\emdgu\apache-tomcat-8.5.69\apache-tomcat-8.5.69\webapps\appB]에 대한 배치가 [386] 밀리초에 완료되었습니다.
16-Aug-2021 20:15:39.695 정보 [localhost-startStop-1] org.apache.catalina.startup.HostConfig.deployDirectory 웹 애플리케이션 디렉토리 [C:\Users\emdgu\apache-tomcat-8.5.69\apache-tomcat-8.5.69\webapps\board]을(를) 배치합니다.
16-Aug-2021 20:15:40.533 정보 [localhost-startStop-1] org.apache.jasper.servlet.TldScanner.scanJars 적어도 하나의 JAR가 TLD들을 찾기 위해 스캔되었으나 아무 것도 찾지 못했습니다. 스캔했으나 TLD가 없는 JAR들의 전체 목록을 보시려면, 로그 레벨을 디버그 레벨로 설정하십시오. 스캔 과정에서 불필요한 JAR들을 건너뛰면, 시스템 시작 시간과 JSP 컴파일 시간을 단축시킬 수 있습니다.
16-Aug-2021 20:15:40.744 정보 [localhost-startStop-1] org.apache.catalina.startup.HostConfig.deployDirectory 웹 애플리케이션 디렉토리 [C:\Users\emdgu\apache-tomcat-8.5.69\apache-tomcat-8.5.69\webapps\board]에 대한 배치가 [1,049] 밀리초에 완료되었습니다.
16-Aug-2021 20:15:40.749 정보 [localhost-startStop-1] org.apache.catalina.startup.HostConfig.deployDirectory 웹 애플리케이션 디렉토리 [C:\Users\emdgu\apache-tomcat-8.5.69\apache-tomcat-8.5.69\webapps\chap02]을(를) 배치합니다.
16-Aug-2021 20:15:40.794 정보 [localhost-startStop-1] org.apache.catalina.startup.HostConfig.deployDirectory 웹 애플리케이션 디렉토리 [C:\Users\emdgu\apache-tomcat-8.5.69\apache-tomcat-8.5.69\webapps\chap02]에 대한 배치가 [46] 밀리초에 완료되었습니다.
16-Aug-2021 20:15:40.799 정보 [localhost-startStop-1] org.apache.catalina.startup.HostConfig.deployDirectory 웹 애플리케이션 디렉토리 [C:\Users\emdgu\apache-tomcat-8.5.69\apache-tomcat-8.5.69\webapps\chap03]을(를) 배치합니다.
16-Aug-2021 20:15:40.833 정보 [localhost-startStop-1] org.apache.catalina.startup.HostConfig.deployDirectory 웹 애플리케이션 디렉토리 [C:\Users\emdgu\apache-tomcat-8.5.69\apache-tomcat-8.5.69\webapps\chap03]에 대한 배치가 [34] 밀리초에 완료되었습니다.
16-Aug-2021 20:15:40.837 정보 [localhost-startStop-1] org.apache.catalina.startup.HostConfig.deployDirectory 웹 애플리케이션 디렉토리 [C:\Users\emdgu\apache-tomcat-8.5.69\apache-tomcat-8.5.69\webapps\chap04]을(를) 배치합니다.
16-Aug-2021 20:15:40.879 정보 [localhost-startStop-1] org.apache.catalina.startup.HostConfig.deployDirectory 웹 애플리케이션 디렉토리 [C:\Users\emdgu\apache-tomcat-8.5.69\apache-tomcat-8.5.69\webapps\chap04]에 대한 배치가 [41] 밀리초에 완료되었습니다.
16-Aug-2021 20:15:40.882 정보 [localhost-startStop-1] org.apache.catalina.startup.HostConfig.deployDirectory 웹 애플리케이션 디렉토리 [C:\Users\emdgu\apache-tomcat-8.5.69\apache-tomcat-8.5.69\webapps\chap05]을(를) 배치합니다.
16-Aug-2021 20:15:40.924 정보 [localhost-startStop-1] org.apache.catalina.startup.HostConfig.deployDirectory 웹 애플리케이션 디렉토리 [C:\Users\emdgu\apache-tomcat-8.5.69\apache-tomcat-8.5.69\webapps\chap05]에 대한 배치가 [42] 밀리초에 완료되었습니다.
16-Aug-2021 20:15:40.932 정보 [localhost-startStop-1] org.apache.catalina.startup.HostConfig.deployDirectory 웹 애플리케이션 디렉토리 [C:\Users\emdgu\apache-tomcat-8.5.69\apache-tomcat-8.5.69\webapps\chap06]을(를) 배치합니다.
16-Aug-2021 20:15:40.973 정보 [localhost-startStop-1] org.apache.catalina.startup.HostConfig.deployDirectory 웹 애플리케이션 디렉토리 [C:\Users\emdgu\apache-tomcat-8.5.69\apache-tomcat-8.5.69\webapps\chap06]에 대한 배치가 [41] 밀리초에 완료되었습니다.
16-Aug-2021 20:15:40.977 정보 [localhost-startStop-1] org.apache.catalina.startup.HostConfig.deployDirectory 웹 애플리케이션 디렉토리 [C:\Users\emdgu\apache-tomcat-8.5.69\apache-tomcat-8.5.69\webapps\chap07]을(를) 배치합니다.
16-Aug-2021 20:15:41.032 정보 [localhost-startStop-1] org.apache.catalina.startup.HostConfig.deployDirectory 웹 애플리케이션 디렉토리 [C:\Users\emdgu\apache-tomcat-8.5.69\apache-tomcat-8.5.69\webapps\chap07]에 대한 배치가 [54] 밀리초에 완료되었습니다.
16-Aug-2021 20:15:41.036 정보 [localhost-startStop-1] org.apache.catalina.startup.HostConfig.deployDirectory 웹 애플리케이션 디렉토리 [C:\Users\emdgu\apache-tomcat-8.5.69\apache-tomcat-8.5.69\webapps\chap08]을(를) 배치합니다.
16-Aug-2021 20:15:41.087 정보 [localhost-startStop-1] org.apache.catalina.startup.HostConfig.deployDirectory 웹 애플리케이션 디렉토리 [C:\Users\emdgu\apache-tomcat-8.5.69\apache-tomcat-8.5.69\webapps\chap08]에 대한 배치가 [51] 밀리초에 완료되었습니다.
16-Aug-2021 20:15:41.092 정보 [localhost-startStop-1] org.apache.catalina.startup.HostConfig.deployDirectory 웹 애플리케이션 디렉토리 [C:\Users\emdgu\apache-tomcat-8.5.69\apache-tomcat-8.5.69\webapps\chap09]을(를) 배치합니다.
16-Aug-2021 20:15:41.140 정보 [localhost-startStop-1] org.apache.catalina.startup.HostConfig.deployDirectory 웹 애플리케이션 디렉토리 [C:\Users\emdgu\apache-tomcat-8.5.69\apache-tomcat-8.5.69\webapps\chap09]에 대한 배치가 [49] 밀리초에 완료되었습니다.
16-Aug-2021 20:15:41.151 정보 [localhost-startStop-1] org.apache.catalina.startup.HostConfig.deployDirectory 웹 애플리케이션 디렉토리 [C:\Users\emdgu\apache-tomcat-8.5.69\apache-tomcat-8.5.69\webapps\chap10]을(를) 배치합니다.
16-Aug-2021 20:15:41.189 정보 [localhost-startStop-1] org.apache.catalina.startup.HostConfig.deployDirectory 웹 애플리케이션 디렉토리 [C:\Users\emdgu\apache-tomcat-8.5.69\apache-tomcat-8.5.69\webapps\chap10]에 대한 배치가 [38] 밀리초에 완료되었습니다.
16-Aug-2021 20:15:41.200 정보 [localhost-startStop-1] org.apache.catalina.startup.HostConfig.deployDirectory 웹 애플리케이션 디렉토리 [C:\Users\emdgu\apache-tomcat-8.5.69\apache-tomcat-8.5.69\webapps\chap10_2]을(를) 배치합니다.
16-Aug-2021 20:15:41.238 정보 [localhost-startStop-1] org.apache.catalina.startup.HostConfig.deployDirectory 웹 애플리케이션 디렉토리 [C:\Users\emdgu\apache-tomcat-8.5.69\apache-tomcat-8.5.69\webapps\chap10_2]에 대한 배치가 [38] 밀리초에 완료되었습니다.
16-Aug-2021 20:15:41.244 정보 [localhost-startStop-1] org.apache.catalina.startup.HostConfig.deployDirectory 웹 애플리케이션 디렉토리 [C:\Users\emdgu\apache-tomcat-8.5.69\apache-tomcat-8.5.69\webapps\chap11]을(를) 배치합니다.
16-Aug-2021 20:15:41.521 정보 [localhost-startStop-1] org.apache.catalina.startup.HostConfig.deployDirectory 웹 애플리케이션 디렉토리 [C:\Users\emdgu\apache-tomcat-8.5.69\apache-tomcat-8.5.69\webapps\chap11]에 대한 배치가 [276] 밀리초에 완료되었습니다.
16-Aug-2021 20:15:41.526 정보 [localhost-startStop-1] org.apache.catalina.startup.HostConfig.deployDirectory 웹 애플리케이션 디렉토리 [C:\Users\emdgu\apache-tomcat-8.5.69\apache-tomcat-8.5.69\webapps\chap12]을(를) 배치합니다.
16-Aug-2021 20:15:41.826 정보 [localhost-startStop-1] org.apache.catalina.startup.HostConfig.deployDirectory 웹 애플리케이션 디렉토리 [C:\Users\emdgu\apache-tomcat-8.5.69\apache-tomcat-8.5.69\webapps\chap12]에 대한 배치가 [299] 밀리초에 완료되었습니다.
16-Aug-2021 20:15:41.833 정보 [localhost-startStop-1] org.apache.catalina.startup.HostConfig.deployDirectory 웹 애플리케이션 디렉토리 [C:\Users\emdgu\apache-tomcat-8.5.69\apache-tomcat-8.5.69\webapps\chap13]을(를) 배치합니다.
16-Aug-2021 20:15:41.882 정보 [localhost-startStop-1] org.apache.catalina.startup.HostConfig.deployDirectory 웹 애플리케이션 디렉토리 [C:\Users\emdgu\apache-tomcat-8.5.69\apache-tomcat-8.5.69\webapps\chap13]에 대한 배치가 [49] 밀리초에 완료되었습니다.
16-Aug-2021 20:15:41.886 정보 [localhost-startStop-1] org.apache.catalina.startup.HostConfig.deployDirectory 웹 애플리케이션 디렉토리 [C:\Users\emdgu\apache-tomcat-8.5.69\apache-tomcat-8.5.69\webapps\chap14]을(를) 배치합니다.
16-Aug-2021 20:15:42.171 정보 [localhost-startStop-1] org.apache.jasper.servlet.TldScanner.scanJars 적어도 하나의 JAR가 TLD들을 찾기 위해 스캔되었으나 아무 것도 찾지 못했습니다. 스캔했으나 TLD가 없는 JAR들의 전체 목록을 보시려면, 로그 레벨을 디버그 레벨로 설정하십시오. 스캔 과정에서 불필요한 JAR들을 건너뛰면, 시스템 시작 시간과 JSP 컴파일 시간을 단축시킬 수 있습니다.
16-Aug-2021 20:15:42.275 정보 [localhost-startStop-1] org.apache.catalina.startup.HostConfig.deployDirectory 웹 애플리케이션 디렉토리 [C:\Users\emdgu\apache-tomcat-8.5.69\apache-tomcat-8.5.69\webapps\chap14]에 대한 배치가 [389] 밀리초에 완료되었습니다.
16-Aug-2021 20:15:42.281 정보 [localhost-startStop-1] org.apache.catalina.startup.HostConfig.deployDirectory 웹 애플리케이션 디렉토리 [C:\Users\emdgu\apache-tomcat-8.5.69\apache-tomcat-8.5.69\webapps\chap15]을(를) 배치합니다.
16-Aug-2021 20:15:42.693 정보 [localhost-startStop-1] org.apache.jasper.servlet.TldScanner.scanJars 적어도 하나의 JAR가 TLD들을 찾기 위해 스캔되었으나 아무 것도 찾지 못했습니다. 스캔했으나 TLD가 없는 JAR들의 전체 목록을 보시려면, 로그 레벨을 디버그 레벨로 설정하십시오. 스캔 과정에서 불필요한 JAR들을 건너뛰면, 시스템 시작 시간과 JSP 컴파일 시간을 단축시킬 수 있습니다.
16-Aug-2021 20:15:42.802 정보 [localhost-startStop-1] org.apache.catalina.startup.HostConfig.deployDirectory 웹 애플리케이션 디렉토리 [C:\Users\emdgu\apache-tomcat-8.5.69\apache-tomcat-8.5.69\webapps\chap15]에 대한 배치가 [521] 밀리초에 완료되었습니다.
16-Aug-2021 20:15:42.808 정보 [localhost-startStop-1] org.apache.catalina.startup.HostConfig.deployDirectory 웹 애플리케이션 디렉토리 [C:\Users\emdgu\apache-tomcat-8.5.69\apache-tomcat-8.5.69\webapps\chap16]을(를) 배치합니다.
16-Aug-2021 20:15:43.011 정보 [localhost-startStop-1] org.apache.catalina.startup.HostConfig.deployDirectory 웹 애플리케이션 디렉토리 [C:\Users\emdgu\apache-tomcat-8.5.69\apache-tomcat-8.5.69\webapps\chap16]에 대한 배치가 [203] 밀리초에 완료되었습니다.
16-Aug-2021 20:15:43.021 정보 [localhost-startStop-1] org.apache.catalina.startup.HostConfig.deployDirectory 웹 애플리케이션 디렉토리 [C:\Users\emdgu\apache-tomcat-8.5.69\apache-tomcat-8.5.69\webapps\chap17]을(를) 배치합니다.
16-Aug-2021 20:15:43.293 정보 [localhost-startStop-1] org.apache.jasper.servlet.TldScanner.scanJars 적어도 하나의 JAR가 TLD들을 찾기 위해 스캔되었으나 아무 것도 찾지 못했습니다. 스캔했으나 TLD가 없는 JAR들의 전체 목록을 보시려면, 로그 레벨을 디버그 레벨로 설정하십시오. 스캔 과정에서 불필요한 JAR들을 건너뛰면, 시스템 시작 시간과 JSP 컴파일 시간을 단축시킬 수 있습니다.
16-Aug-2021 20:15:43.372 정보 [localhost-startStop-1] org.apache.catalina.startup.HostConfig.deployDirectory 웹 애플리케이션 디렉토리 [C:\Users\emdgu\apache-tomcat-8.5.69\apache-tomcat-8.5.69\webapps\chap17]에 대한 배치가 [351] 밀리초에 완료되었습니다.
16-Aug-2021 20:15:43.379 정보 [localhost-startStop-1] org.apache.catalina.startup.HostConfig.deployDirectory 웹 애플리케이션 디렉토리 [C:\Users\emdgu\apache-tomcat-8.5.69\apache-tomcat-8.5.69\webapps\chap18]을(를) 배치합니다.
16-Aug-2021 20:15:43.468 정보 [localhost-startStop-1] org.apache.catalina.startup.HostConfig.deployDirectory 웹 애플리케이션 디렉토리 [C:\Users\emdgu\apache-tomcat-8.5.69\apache-tomcat-8.5.69\webapps\chap18]에 대한 배치가 [88] 밀리초에 완료되었습니다.
16-Aug-2021 20:15:43.474 정보 [localhost-startStop-1] org.apache.catalina.startup.HostConfig.deployDirectory 웹 애플리케이션 디렉토리 [C:\Users\emdgu\apache-tomcat-8.5.69\apache-tomcat-8.5.69\webapps\chap19]을(를) 배치합니다.
16-Aug-2021 20:15:43.559 정보 [localhost-startStop-1] org.apache.catalina.startup.HostConfig.deployDirectory 웹 애플리케이션 디렉토리 [C:\Users\emdgu\apache-tomcat-8.5.69\apache-tomcat-8.5.69\webapps\chap19]에 대한 배치가 [84] 밀리초에 완료되었습니다.
16-Aug-2021 20:15:43.565 정보 [localhost-startStop-1] org.apache.catalina.startup.HostConfig.deployDirectory 웹 애플리케이션 디렉토리 [C:\Users\emdgu\apache-tomcat-8.5.69\apache-tomcat-8.5.69\webapps\chap20]을(를) 배치합니다.
16-Aug-2021 20:15:43.815 정보 [localhost-startStop-1] org.apache.jasper.servlet.TldScanner.scanJars 적어도 하나의 JAR가 TLD들을 찾기 위해 스캔되었으나 아무 것도 찾지 못했습니다. 스캔했으나 TLD가 없는 JAR들의 전체 목록을 보시려면, 로그 레벨을 디버그 레벨로 설정하십시오. 스캔 과정에서 불필요한 JAR들을 건너뛰면, 시스템 시작 시간과 JSP 컴파일 시간을 단축시킬 수 있습니다.
16-Aug-2021 20:15:43.898 정보 [localhost-startStop-1] org.apache.catalina.startup.HostConfig.deployDirectory 웹 애플리케이션 디렉토리 [C:\Users\emdgu\apache-tomcat-8.5.69\apache-tomcat-8.5.69\webapps\chap20]에 대한 배치가 [333] 밀리초에 완료되었습니다.
16-Aug-2021 20:15:43.900 정보 [localhost-startStop-1] org.apache.catalina.startup.HostConfig.deployDirectory 웹 애플리케이션 디렉토리 [C:\Users\emdgu\apache-tomcat-8.5.69\apache-tomcat-8.5.69\webapps\docs]을(를) 배치합니다.
16-Aug-2021 20:15:43.934 정보 [localhost-startStop-1] org.apache.catalina.startup.HostConfig.deployDirectory 웹 애플리케이션 디렉토리 [C:\Users\emdgu\apache-tomcat-8.5.69\apache-tomcat-8.5.69\webapps\docs]에 대한 배치가 [33] 밀리초에 완료되었습니다.
16-Aug-2021 20:15:43.938 정보 [localhost-startStop-1] org.apache.catalina.startup.HostConfig.deployDirectory 웹 애플리케이션 디렉토리 [C:\Users\emdgu\apache-tomcat-8.5.69\apache-tomcat-8.5.69\webapps\examples]을(를) 배치합니다.
16-Aug-2021 20:15:44.452 정보 [localhost-startStop-1] org.apache.catalina.startup.HostConfig.deployDirectory 웹 애플리케이션 디렉토리 [C:\Users\emdgu\apache-tomcat-8.5.69\apache-tomcat-8.5.69\webapps\examples]에 대한 배치가 [514] 밀리초에 완료되었습니다.
16-Aug-2021 20:15:44.458 정보 [localhost-startStop-1] org.apache.catalina.startup.HostConfig.deployDirectory 웹 애플리케이션 디렉토리 [C:\Users\emdgu\apache-tomcat-8.5.69\apache-tomcat-8.5.69\webapps\host-manager]을(를) 배치합니다.
16-Aug-2021 20:15:44.504 정보 [localhost-startStop-1] org.apache.catalina.startup.HostConfig.deployDirectory 웹 애플리케이션 디렉토리 [C:\Users\emdgu\apache-tomcat-8.5.69\apache-tomcat-8.5.69\webapps\host-manager]에 대한 배치가 [47] 밀리초에 완료되었습니다.
16-Aug-2021 20:15:44.509 정보 [localhost-startStop-1] org.apache.catalina.startup.HostConfig.deployDirectory 웹 애플리케이션 디렉토리 [C:\Users\emdgu\apache-tomcat-8.5.69\apache-tomcat-8.5.69\webapps\manager]을(를) 배치합니다.
16-Aug-2021 20:15:44.549 정보 [localhost-startStop-1] org.apache.catalina.startup.HostConfig.deployDirectory 웹 애플리케이션 디렉토리 [C:\Users\emdgu\apache-tomcat-8.5.69\apache-tomcat-8.5.69\webapps\manager]에 대한 배치가 [41] 밀리초에 완료되었습니다.
16-Aug-2021 20:15:44.554 정보 [localhost-startStop-1] org.apache.catalina.startup.HostConfig.deployDirectory 웹 애플리케이션 디렉토리 [C:\Users\emdgu\apache-tomcat-8.5.69\apache-tomcat-8.5.69\webapps\ROOT]을(를) 배치합니다.
16-Aug-2021 20:15:44.589 정보 [localhost-startStop-1] org.apache.catalina.startup.HostConfig.deployDirectory 웹 애플리케이션 디렉토리 [C:\Users\emdgu\apache-tomcat-8.5.69\apache-tomcat-8.5.69\webapps\ROOT]에 대한 배치가 [35] 밀리초에 완료되었습니다.
16-Aug-2021 20:15:44.601 정보 [main] org.apache.coyote.AbstractProtocol.start 프로토콜 핸들러 ["http-nio-8080"]을(를) 시작합니다.
16-Aug-2021 20:15:44.619 정보 [main] org.apache.catalina.startup.Catalina.start Server startup in 5396 ms
