25-Aug-2021 18:45:56.710 정보 [main] org.apache.catalina.startup.VersionLoggerListener.log 서버 버전 이름:    Apache Tomcat/8.5.69
25-Aug-2021 18:45:56.729 정보 [main] org.apache.catalina.startup.VersionLoggerListener.log Server 빌드 시각:  Jun 30 2021 18:00:00 UTC
25-Aug-2021 18:45:56.730 정보 [main] org.apache.catalina.startup.VersionLoggerListener.log Server 버전 번호:  8.5.69.0
25-Aug-2021 18:45:56.730 정보 [main] org.apache.catalina.startup.VersionLoggerListener.log 운영체제 이름:     Windows 10
25-Aug-2021 18:45:56.731 정보 [main] org.apache.catalina.startup.VersionLoggerListener.log 운영체제 버전:     10.0
25-Aug-2021 18:45:56.731 정보 [main] org.apache.catalina.startup.VersionLoggerListener.log 아키텍처:          amd64
25-Aug-2021 18:45:56.731 정보 [main] org.apache.catalina.startup.VersionLoggerListener.log 자바 홈:           C:\Program Files\Java\jdk1.8.0_261\jre
25-Aug-2021 18:45:56.732 정보 [main] org.apache.catalina.startup.VersionLoggerListener.log JVM 버전:          1.8.0_261-b12
25-Aug-2021 18:45:56.732 정보 [main] org.apache.catalina.startup.VersionLoggerListener.log JVM 벤더:          Oracle Corporation
25-Aug-2021 18:45:56.732 정보 [main] org.apache.catalina.startup.VersionLoggerListener.log CATALINA_BASE:     C:\Users\emdgu\apache-tomcat-8.5.69\apache-tomcat-8.5.69
25-Aug-2021 18:45:56.733 정보 [main] org.apache.catalina.startup.VersionLoggerListener.log CATALINA_HOME:     C:\Users\emdgu\apache-tomcat-8.5.69\apache-tomcat-8.5.69
25-Aug-2021 18:45:56.734 정보 [main] org.apache.catalina.startup.VersionLoggerListener.log 명령 행 아규먼트:  -Djava.util.logging.config.file=C:\Users\emdgu\apache-tomcat-8.5.69\apache-tomcat-8.5.69\conf\logging.properties
25-Aug-2021 18:45:56.736 정보 [main] org.apache.catalina.startup.VersionLoggerListener.log 명령 행 아규먼트:  -Djava.util.logging.manager=org.apache.juli.ClassLoaderLogManager
25-Aug-2021 18:45:56.738 정보 [main] org.apache.catalina.startup.VersionLoggerListener.log 명령 행 아규먼트:  -Djdk.tls.ephemeralDHKeySize=2048
25-Aug-2021 18:45:56.741 정보 [main] org.apache.catalina.startup.VersionLoggerListener.log 명령 행 아규먼트:  -Djava.protocol.handler.pkgs=org.apache.catalina.webresources
25-Aug-2021 18:45:56.751 정보 [main] org.apache.catalina.startup.VersionLoggerListener.log 명령 행 아규먼트:  -Dignore.endorsed.dirs=
25-Aug-2021 18:45:56.753 정보 [main] org.apache.catalina.startup.VersionLoggerListener.log 명령 행 아규먼트:  -Dcatalina.base=C:\Users\emdgu\apache-tomcat-8.5.69\apache-tomcat-8.5.69
25-Aug-2021 18:45:56.755 정보 [main] org.apache.catalina.startup.VersionLoggerListener.log 명령 행 아규먼트:  -Dcatalina.home=C:\Users\emdgu\apache-tomcat-8.5.69\apache-tomcat-8.5.69
25-Aug-2021 18:45:56.758 정보 [main] org.apache.catalina.startup.VersionLoggerListener.log 명령 행 아규먼트:  -Djava.io.tmpdir=C:\Users\emdgu\apache-tomcat-8.5.69\apache-tomcat-8.5.69\temp
25-Aug-2021 18:45:56.760 정보 [main] org.apache.catalina.core.AprLifecycleListener.lifecycleEvent 프로덕션 환경들에서 최적의 성능을 제공하는, APR 기반 Apache Tomcat Native 라이브러리가, 다음 java.library.path에서 발견되지 않습니다: [C:\Program Files\Java\jdk1.8.0_261\bin;C:\WINDOWS\Sun\Java\bin;C:\WINDOWS\system32;C:\WINDOWS;C:\app\emdgu\product\12.1.0\dbhome_1\bin;C:\app\emdgu\product\12.1.0\client_3;C:\app\emdgu\product\12.1.0\client_2;C:\app\emdgu\product\12.1.0\client_1;C:\Users\emdgu\WINDOWS.X64_193000_db_home\bin;C:\Users\emdgu\Downloads\WINDOWS.X64_193000_db_home\bin;C:\Program Files (x86)\Common Files\Oracle\Java\javapath;C:\Program Files (x86)\Intel\Intel(R) Management Engine Components\iCLS\;C:\Program Files\Intel\Intel(R) Management Engine Components\iCLS\;C:\WINDOWS\system32;C:\WINDOWS;C:\WINDOWS\System32\Wbem;C:\WINDOWS\System32\WindowsPowerShell\v1.0\;C:\WINDOWS\System32\OpenSSH\;C:\Program Files (x86)\Intel\Intel(R) Management Engine Components\DAL;C:\Program Files\Intel\Intel(R) Management Engine Components\DAL;C:\Program Files\Java\jdk1.8.0_261\bin;C:\Program Files\Java\jdk1.8.0_261\bin;C:\Program Files\Git\cmd;C:\Users\emdgu\AppData\Local\Microsoft\WindowsApps;;.]
25-Aug-2021 18:45:57.062 정보 [main] org.apache.coyote.AbstractProtocol.init 프로토콜 핸들러 ["http-nio-8080"]을(를) 초기화합니다.
25-Aug-2021 18:45:57.852 정보 [main] org.apache.tomcat.util.net.NioSelectorPool.getSharedSelector Using a shared selector for servlet write/read
25-Aug-2021 18:45:57.872 정보 [main] org.apache.catalina.startup.Catalina.load Initialization processed in 1794 ms
25-Aug-2021 18:45:57.923 정보 [main] org.apache.catalina.core.StandardService.startInternal 서비스 [Catalina]을(를) 시작합니다.
25-Aug-2021 18:45:57.931 정보 [main] org.apache.catalina.core.StandardEngine.startInternal 서버 엔진을 시작합니다: [Apache Tomcat/8.5.69]
25-Aug-2021 18:45:57.948 정보 [localhost-startStop-1] org.apache.catalina.startup.HostConfig.deployDirectory 웹 애플리케이션 디렉토리 [C:\Users\emdgu\apache-tomcat-8.5.69\apache-tomcat-8.5.69\webapps\appB]을(를) 배치합니다.
25-Aug-2021 18:45:58.296 정보 [localhost-startStop-1] org.apache.catalina.startup.HostConfig.deployDirectory 웹 애플리케이션 디렉토리 [C:\Users\emdgu\apache-tomcat-8.5.69\apache-tomcat-8.5.69\webapps\appB]에 대한 배치가 [346] 밀리초에 완료되었습니다.
25-Aug-2021 18:45:58.301 정보 [localhost-startStop-1] org.apache.catalina.startup.HostConfig.deployDirectory 웹 애플리케이션 디렉토리 [C:\Users\emdgu\apache-tomcat-8.5.69\apache-tomcat-8.5.69\webapps\board]을(를) 배치합니다.
25-Aug-2021 18:45:59.003 정보 [localhost-startStop-1] org.apache.jasper.servlet.TldScanner.scanJars 적어도 하나의 JAR가 TLD들을 찾기 위해 스캔되었으나 아무 것도 찾지 못했습니다. 스캔했으나 TLD가 없는 JAR들의 전체 목록을 보시려면, 로그 레벨을 디버그 레벨로 설정하십시오. 스캔 과정에서 불필요한 JAR들을 건너뛰면, 시스템 시작 시간과 JSP 컴파일 시간을 단축시킬 수 있습니다.
25-Aug-2021 18:45:59.179 정보 [localhost-startStop-1] org.apache.catalina.startup.HostConfig.deployDirectory 웹 애플리케이션 디렉토리 [C:\Users\emdgu\apache-tomcat-8.5.69\apache-tomcat-8.5.69\webapps\board]에 대한 배치가 [878] 밀리초에 완료되었습니다.
25-Aug-2021 18:45:59.185 정보 [localhost-startStop-1] org.apache.catalina.startup.HostConfig.deployDirectory 웹 애플리케이션 디렉토리 [C:\Users\emdgu\apache-tomcat-8.5.69\apache-tomcat-8.5.69\webapps\chap02]을(를) 배치합니다.
25-Aug-2021 18:45:59.224 정보 [localhost-startStop-1] org.apache.catalina.startup.HostConfig.deployDirectory 웹 애플리케이션 디렉토리 [C:\Users\emdgu\apache-tomcat-8.5.69\apache-tomcat-8.5.69\webapps\chap02]에 대한 배치가 [39] 밀리초에 완료되었습니다.
25-Aug-2021 18:45:59.231 정보 [localhost-startStop-1] org.apache.catalina.startup.HostConfig.deployDirectory 웹 애플리케이션 디렉토리 [C:\Users\emdgu\apache-tomcat-8.5.69\apache-tomcat-8.5.69\webapps\chap03]을(를) 배치합니다.
25-Aug-2021 18:45:59.269 정보 [localhost-startStop-1] org.apache.catalina.startup.HostConfig.deployDirectory 웹 애플리케이션 디렉토리 [C:\Users\emdgu\apache-tomcat-8.5.69\apache-tomcat-8.5.69\webapps\chap03]에 대한 배치가 [38] 밀리초에 완료되었습니다.
25-Aug-2021 18:45:59.276 정보 [localhost-startStop-1] org.apache.catalina.startup.HostConfig.deployDirectory 웹 애플리케이션 디렉토리 [C:\Users\emdgu\apache-tomcat-8.5.69\apache-tomcat-8.5.69\webapps\chap04]을(를) 배치합니다.
25-Aug-2021 18:45:59.312 정보 [localhost-startStop-1] org.apache.catalina.startup.HostConfig.deployDirectory 웹 애플리케이션 디렉토리 [C:\Users\emdgu\apache-tomcat-8.5.69\apache-tomcat-8.5.69\webapps\chap04]에 대한 배치가 [36] 밀리초에 완료되었습니다.
25-Aug-2021 18:45:59.316 정보 [localhost-startStop-1] org.apache.catalina.startup.HostConfig.deployDirectory 웹 애플리케이션 디렉토리 [C:\Users\emdgu\apache-tomcat-8.5.69\apache-tomcat-8.5.69\webapps\chap05]을(를) 배치합니다.
25-Aug-2021 18:45:59.356 정보 [localhost-startStop-1] org.apache.catalina.startup.HostConfig.deployDirectory 웹 애플리케이션 디렉토리 [C:\Users\emdgu\apache-tomcat-8.5.69\apache-tomcat-8.5.69\webapps\chap05]에 대한 배치가 [40] 밀리초에 완료되었습니다.
25-Aug-2021 18:45:59.365 정보 [localhost-startStop-1] org.apache.catalina.startup.HostConfig.deployDirectory 웹 애플리케이션 디렉토리 [C:\Users\emdgu\apache-tomcat-8.5.69\apache-tomcat-8.5.69\webapps\chap06]을(를) 배치합니다.
25-Aug-2021 18:45:59.406 정보 [localhost-startStop-1] org.apache.catalina.startup.HostConfig.deployDirectory 웹 애플리케이션 디렉토리 [C:\Users\emdgu\apache-tomcat-8.5.69\apache-tomcat-8.5.69\webapps\chap06]에 대한 배치가 [41] 밀리초에 완료되었습니다.
25-Aug-2021 18:45:59.416 정보 [localhost-startStop-1] org.apache.catalina.startup.HostConfig.deployDirectory 웹 애플리케이션 디렉토리 [C:\Users\emdgu\apache-tomcat-8.5.69\apache-tomcat-8.5.69\webapps\chap07]을(를) 배치합니다.
25-Aug-2021 18:45:59.462 정보 [localhost-startStop-1] org.apache.catalina.startup.HostConfig.deployDirectory 웹 애플리케이션 디렉토리 [C:\Users\emdgu\apache-tomcat-8.5.69\apache-tomcat-8.5.69\webapps\chap07]에 대한 배치가 [46] 밀리초에 완료되었습니다.
25-Aug-2021 18:45:59.468 정보 [localhost-startStop-1] org.apache.catalina.startup.HostConfig.deployDirectory 웹 애플리케이션 디렉토리 [C:\Users\emdgu\apache-tomcat-8.5.69\apache-tomcat-8.5.69\webapps\chap08]을(를) 배치합니다.
25-Aug-2021 18:45:59.513 정보 [localhost-startStop-1] org.apache.catalina.startup.HostConfig.deployDirectory 웹 애플리케이션 디렉토리 [C:\Users\emdgu\apache-tomcat-8.5.69\apache-tomcat-8.5.69\webapps\chap08]에 대한 배치가 [44] 밀리초에 완료되었습니다.
25-Aug-2021 18:45:59.519 정보 [localhost-startStop-1] org.apache.catalina.startup.HostConfig.deployDirectory 웹 애플리케이션 디렉토리 [C:\Users\emdgu\apache-tomcat-8.5.69\apache-tomcat-8.5.69\webapps\chap09]을(를) 배치합니다.
25-Aug-2021 18:45:59.564 정보 [localhost-startStop-1] org.apache.catalina.startup.HostConfig.deployDirectory 웹 애플리케이션 디렉토리 [C:\Users\emdgu\apache-tomcat-8.5.69\apache-tomcat-8.5.69\webapps\chap09]에 대한 배치가 [44] 밀리초에 완료되었습니다.
25-Aug-2021 18:45:59.570 정보 [localhost-startStop-1] org.apache.catalina.startup.HostConfig.deployDirectory 웹 애플리케이션 디렉토리 [C:\Users\emdgu\apache-tomcat-8.5.69\apache-tomcat-8.5.69\webapps\chap10]을(를) 배치합니다.
25-Aug-2021 18:45:59.606 정보 [localhost-startStop-1] org.apache.catalina.startup.HostConfig.deployDirectory 웹 애플리케이션 디렉토리 [C:\Users\emdgu\apache-tomcat-8.5.69\apache-tomcat-8.5.69\webapps\chap10]에 대한 배치가 [36] 밀리초에 완료되었습니다.
25-Aug-2021 18:45:59.615 정보 [localhost-startStop-1] org.apache.catalina.startup.HostConfig.deployDirectory 웹 애플리케이션 디렉토리 [C:\Users\emdgu\apache-tomcat-8.5.69\apache-tomcat-8.5.69\webapps\chap10_2]을(를) 배치합니다.
25-Aug-2021 18:45:59.649 정보 [localhost-startStop-1] org.apache.catalina.startup.HostConfig.deployDirectory 웹 애플리케이션 디렉토리 [C:\Users\emdgu\apache-tomcat-8.5.69\apache-tomcat-8.5.69\webapps\chap10_2]에 대한 배치가 [34] 밀리초에 완료되었습니다.
25-Aug-2021 18:45:59.656 정보 [localhost-startStop-1] org.apache.catalina.startup.HostConfig.deployDirectory 웹 애플리케이션 디렉토리 [C:\Users\emdgu\apache-tomcat-8.5.69\apache-tomcat-8.5.69\webapps\chap11]을(를) 배치합니다.
25-Aug-2021 18:45:59.905 정보 [localhost-startStop-1] org.apache.catalina.startup.HostConfig.deployDirectory 웹 애플리케이션 디렉토리 [C:\Users\emdgu\apache-tomcat-8.5.69\apache-tomcat-8.5.69\webapps\chap11]에 대한 배치가 [249] 밀리초에 완료되었습니다.
25-Aug-2021 18:45:59.911 정보 [localhost-startStop-1] org.apache.catalina.startup.HostConfig.deployDirectory 웹 애플리케이션 디렉토리 [C:\Users\emdgu\apache-tomcat-8.5.69\apache-tomcat-8.5.69\webapps\chap12]을(를) 배치합니다.
25-Aug-2021 18:46:00.209 정보 [localhost-startStop-1] org.apache.catalina.startup.HostConfig.deployDirectory 웹 애플리케이션 디렉토리 [C:\Users\emdgu\apache-tomcat-8.5.69\apache-tomcat-8.5.69\webapps\chap12]에 대한 배치가 [298] 밀리초에 완료되었습니다.
25-Aug-2021 18:46:00.214 정보 [localhost-startStop-1] org.apache.catalina.startup.HostConfig.deployDirectory 웹 애플리케이션 디렉토리 [C:\Users\emdgu\apache-tomcat-8.5.69\apache-tomcat-8.5.69\webapps\chap13]을(를) 배치합니다.
25-Aug-2021 18:46:00.264 정보 [localhost-startStop-1] org.apache.catalina.startup.HostConfig.deployDirectory 웹 애플리케이션 디렉토리 [C:\Users\emdgu\apache-tomcat-8.5.69\apache-tomcat-8.5.69\webapps\chap13]에 대한 배치가 [50] 밀리초에 완료되었습니다.
25-Aug-2021 18:46:00.268 정보 [localhost-startStop-1] org.apache.catalina.startup.HostConfig.deployDirectory 웹 애플리케이션 디렉토리 [C:\Users\emdgu\apache-tomcat-8.5.69\apache-tomcat-8.5.69\webapps\chap14]을(를) 배치합니다.
25-Aug-2021 18:46:00.569 정보 [localhost-startStop-1] org.apache.jasper.servlet.TldScanner.scanJars 적어도 하나의 JAR가 TLD들을 찾기 위해 스캔되었으나 아무 것도 찾지 못했습니다. 스캔했으나 TLD가 없는 JAR들의 전체 목록을 보시려면, 로그 레벨을 디버그 레벨로 설정하십시오. 스캔 과정에서 불필요한 JAR들을 건너뛰면, 시스템 시작 시간과 JSP 컴파일 시간을 단축시킬 수 있습니다.
25-Aug-2021 18:46:00.689 정보 [localhost-startStop-1] org.apache.catalina.startup.HostConfig.deployDirectory 웹 애플리케이션 디렉토리 [C:\Users\emdgu\apache-tomcat-8.5.69\apache-tomcat-8.5.69\webapps\chap14]에 대한 배치가 [421] 밀리초에 완료되었습니다.
25-Aug-2021 18:46:00.699 정보 [localhost-startStop-1] org.apache.catalina.startup.HostConfig.deployDirectory 웹 애플리케이션 디렉토리 [C:\Users\emdgu\apache-tomcat-8.5.69\apache-tomcat-8.5.69\webapps\chap15]을(를) 배치합니다.
25-Aug-2021 18:46:01.276 정보 [localhost-startStop-1] org.apache.jasper.servlet.TldScanner.scanJars 적어도 하나의 JAR가 TLD들을 찾기 위해 스캔되었으나 아무 것도 찾지 못했습니다. 스캔했으나 TLD가 없는 JAR들의 전체 목록을 보시려면, 로그 레벨을 디버그 레벨로 설정하십시오. 스캔 과정에서 불필요한 JAR들을 건너뛰면, 시스템 시작 시간과 JSP 컴파일 시간을 단축시킬 수 있습니다.
25-Aug-2021 18:46:01.429 정보 [localhost-startStop-1] org.apache.catalina.startup.HostConfig.deployDirectory 웹 애플리케이션 디렉토리 [C:\Users\emdgu\apache-tomcat-8.5.69\apache-tomcat-8.5.69\webapps\chap15]에 대한 배치가 [729] 밀리초에 완료되었습니다.
25-Aug-2021 18:46:01.441 정보 [localhost-startStop-1] org.apache.catalina.startup.HostConfig.deployDirectory 웹 애플리케이션 디렉토리 [C:\Users\emdgu\apache-tomcat-8.5.69\apache-tomcat-8.5.69\webapps\chap16]을(를) 배치합니다.
25-Aug-2021 18:46:01.637 정보 [localhost-startStop-1] org.apache.catalina.startup.HostConfig.deployDirectory 웹 애플리케이션 디렉토리 [C:\Users\emdgu\apache-tomcat-8.5.69\apache-tomcat-8.5.69\webapps\chap16]에 대한 배치가 [196] 밀리초에 완료되었습니다.
25-Aug-2021 18:46:01.645 정보 [localhost-startStop-1] org.apache.catalina.startup.HostConfig.deployDirectory 웹 애플리케이션 디렉토리 [C:\Users\emdgu\apache-tomcat-8.5.69\apache-tomcat-8.5.69\webapps\chap17]을(를) 배치합니다.
25-Aug-2021 18:46:01.890 정보 [localhost-startStop-1] org.apache.jasper.servlet.TldScanner.scanJars 적어도 하나의 JAR가 TLD들을 찾기 위해 스캔되었으나 아무 것도 찾지 못했습니다. 스캔했으나 TLD가 없는 JAR들의 전체 목록을 보시려면, 로그 레벨을 디버그 레벨로 설정하십시오. 스캔 과정에서 불필요한 JAR들을 건너뛰면, 시스템 시작 시간과 JSP 컴파일 시간을 단축시킬 수 있습니다.
25-Aug-2021 18:46:01.971 정보 [localhost-startStop-1] org.apache.catalina.startup.HostConfig.deployDirectory 웹 애플리케이션 디렉토리 [C:\Users\emdgu\apache-tomcat-8.5.69\apache-tomcat-8.5.69\webapps\chap17]에 대한 배치가 [326] 밀리초에 완료되었습니다.
25-Aug-2021 18:46:01.983 정보 [localhost-startStop-1] org.apache.catalina.startup.HostConfig.deployDirectory 웹 애플리케이션 디렉토리 [C:\Users\emdgu\apache-tomcat-8.5.69\apache-tomcat-8.5.69\webapps\chap18]을(를) 배치합니다.
25-Aug-2021 18:46:02.080 정보 [localhost-startStop-1] org.apache.catalina.startup.HostConfig.deployDirectory 웹 애플리케이션 디렉토리 [C:\Users\emdgu\apache-tomcat-8.5.69\apache-tomcat-8.5.69\webapps\chap18]에 대한 배치가 [97] 밀리초에 완료되었습니다.
25-Aug-2021 18:46:02.089 정보 [localhost-startStop-1] org.apache.catalina.startup.HostConfig.deployDirectory 웹 애플리케이션 디렉토리 [C:\Users\emdgu\apache-tomcat-8.5.69\apache-tomcat-8.5.69\webapps\chap19]을(를) 배치합니다.
25-Aug-2021 18:46:02.176 정보 [localhost-startStop-1] org.apache.catalina.startup.HostConfig.deployDirectory 웹 애플리케이션 디렉토리 [C:\Users\emdgu\apache-tomcat-8.5.69\apache-tomcat-8.5.69\webapps\chap19]에 대한 배치가 [87] 밀리초에 완료되었습니다.
25-Aug-2021 18:46:02.182 정보 [localhost-startStop-1] org.apache.catalina.startup.HostConfig.deployDirectory 웹 애플리케이션 디렉토리 [C:\Users\emdgu\apache-tomcat-8.5.69\apache-tomcat-8.5.69\webapps\chap20]을(를) 배치합니다.
25-Aug-2021 18:46:02.403 정보 [localhost-startStop-1] org.apache.jasper.servlet.TldScanner.scanJars 적어도 하나의 JAR가 TLD들을 찾기 위해 스캔되었으나 아무 것도 찾지 못했습니다. 스캔했으나 TLD가 없는 JAR들의 전체 목록을 보시려면, 로그 레벨을 디버그 레벨로 설정하십시오. 스캔 과정에서 불필요한 JAR들을 건너뛰면, 시스템 시작 시간과 JSP 컴파일 시간을 단축시킬 수 있습니다.
25-Aug-2021 18:46:02.483 정보 [localhost-startStop-1] org.apache.catalina.startup.HostConfig.deployDirectory 웹 애플리케이션 디렉토리 [C:\Users\emdgu\apache-tomcat-8.5.69\apache-tomcat-8.5.69\webapps\chap20]에 대한 배치가 [300] 밀리초에 완료되었습니다.
25-Aug-2021 18:46:02.491 정보 [localhost-startStop-1] org.apache.catalina.startup.HostConfig.deployDirectory 웹 애플리케이션 디렉토리 [C:\Users\emdgu\apache-tomcat-8.5.69\apache-tomcat-8.5.69\webapps\docs]을(를) 배치합니다.
25-Aug-2021 18:46:02.525 정보 [localhost-startStop-1] org.apache.catalina.startup.HostConfig.deployDirectory 웹 애플리케이션 디렉토리 [C:\Users\emdgu\apache-tomcat-8.5.69\apache-tomcat-8.5.69\webapps\docs]에 대한 배치가 [34] 밀리초에 완료되었습니다.
25-Aug-2021 18:46:02.535 정보 [localhost-startStop-1] org.apache.catalina.startup.HostConfig.deployDirectory 웹 애플리케이션 디렉토리 [C:\Users\emdgu\apache-tomcat-8.5.69\apache-tomcat-8.5.69\webapps\examples]을(를) 배치합니다.
25-Aug-2021 18:46:03.085 정보 [localhost-startStop-1] org.apache.catalina.startup.HostConfig.deployDirectory 웹 애플리케이션 디렉토리 [C:\Users\emdgu\apache-tomcat-8.5.69\apache-tomcat-8.5.69\webapps\examples]에 대한 배치가 [551] 밀리초에 완료되었습니다.
25-Aug-2021 18:46:03.090 정보 [localhost-startStop-1] org.apache.catalina.startup.HostConfig.deployDirectory 웹 애플리케이션 디렉토리 [C:\Users\emdgu\apache-tomcat-8.5.69\apache-tomcat-8.5.69\webapps\host-manager]을(를) 배치합니다.
25-Aug-2021 18:46:03.138 정보 [localhost-startStop-1] org.apache.catalina.startup.HostConfig.deployDirectory 웹 애플리케이션 디렉토리 [C:\Users\emdgu\apache-tomcat-8.5.69\apache-tomcat-8.5.69\webapps\host-manager]에 대한 배치가 [47] 밀리초에 완료되었습니다.
25-Aug-2021 18:46:03.142 정보 [localhost-startStop-1] org.apache.catalina.startup.HostConfig.deployDirectory 웹 애플리케이션 디렉토리 [C:\Users\emdgu\apache-tomcat-8.5.69\apache-tomcat-8.5.69\webapps\manager]을(를) 배치합니다.
25-Aug-2021 18:46:03.192 정보 [localhost-startStop-1] org.apache.catalina.startup.HostConfig.deployDirectory 웹 애플리케이션 디렉토리 [C:\Users\emdgu\apache-tomcat-8.5.69\apache-tomcat-8.5.69\webapps\manager]에 대한 배치가 [51] 밀리초에 완료되었습니다.
25-Aug-2021 18:46:03.199 정보 [localhost-startStop-1] org.apache.catalina.startup.HostConfig.deployDirectory 웹 애플리케이션 디렉토리 [C:\Users\emdgu\apache-tomcat-8.5.69\apache-tomcat-8.5.69\webapps\ROOT]을(를) 배치합니다.
25-Aug-2021 18:46:03.234 정보 [localhost-startStop-1] org.apache.catalina.startup.HostConfig.deployDirectory 웹 애플리케이션 디렉토리 [C:\Users\emdgu\apache-tomcat-8.5.69\apache-tomcat-8.5.69\webapps\ROOT]에 대한 배치가 [35] 밀리초에 완료되었습니다.
25-Aug-2021 18:46:03.246 정보 [main] org.apache.coyote.AbstractProtocol.start 프로토콜 핸들러 ["http-nio-8080"]을(를) 시작합니다.
25-Aug-2021 18:46:03.261 정보 [main] org.apache.catalina.startup.Catalina.start Server startup in 5387 ms
25-Aug-2021 20:30:15.993 정보 [Thread-14] org.apache.coyote.AbstractProtocol.pause 프로토콜 핸들러 ["http-nio-8080"]을(를) 일시 정지 중
25-Aug-2021 20:30:16.747 정보 [Thread-14] org.apache.catalina.core.StandardService.stopInternal 서비스 [Catalina]을(를) 중지시킵니다.
