13-Aug-2021 21:14:22.112 정보 [main] org.apache.catalina.startup.VersionLoggerListener.log 서버 버전 이름:    Apache Tomcat/8.5.69
13-Aug-2021 21:14:22.128 정보 [main] org.apache.catalina.startup.VersionLoggerListener.log Server 빌드 시각:  Jun 30 2021 18:00:00 UTC
13-Aug-2021 21:14:22.129 정보 [main] org.apache.catalina.startup.VersionLoggerListener.log Server 버전 번호:  8.5.69.0
13-Aug-2021 21:14:22.129 정보 [main] org.apache.catalina.startup.VersionLoggerListener.log 운영체제 이름:     Windows 10
13-Aug-2021 21:14:22.129 정보 [main] org.apache.catalina.startup.VersionLoggerListener.log 운영체제 버전:     10.0
13-Aug-2021 21:14:22.130 정보 [main] org.apache.catalina.startup.VersionLoggerListener.log 아키텍처:          amd64
13-Aug-2021 21:14:22.130 정보 [main] org.apache.catalina.startup.VersionLoggerListener.log 자바 홈:           C:\Program Files\Java\jdk1.8.0_261\jre
13-Aug-2021 21:14:22.131 정보 [main] org.apache.catalina.startup.VersionLoggerListener.log JVM 버전:          1.8.0_261-b12
13-Aug-2021 21:14:22.131 정보 [main] org.apache.catalina.startup.VersionLoggerListener.log JVM 벤더:          Oracle Corporation
13-Aug-2021 21:14:22.132 정보 [main] org.apache.catalina.startup.VersionLoggerListener.log CATALINA_BASE:     C:\Users\emdgu\apache-tomcat-8.5.69\apache-tomcat-8.5.69
13-Aug-2021 21:14:22.132 정보 [main] org.apache.catalina.startup.VersionLoggerListener.log CATALINA_HOME:     C:\Users\emdgu\apache-tomcat-8.5.69\apache-tomcat-8.5.69
13-Aug-2021 21:14:22.134 정보 [main] org.apache.catalina.startup.VersionLoggerListener.log 명령 행 아규먼트:  -Djava.util.logging.config.file=C:\Users\emdgu\apache-tomcat-8.5.69\apache-tomcat-8.5.69\conf\logging.properties
13-Aug-2021 21:14:22.136 정보 [main] org.apache.catalina.startup.VersionLoggerListener.log 명령 행 아규먼트:  -Djava.util.logging.manager=org.apache.juli.ClassLoaderLogManager
13-Aug-2021 21:14:22.137 정보 [main] org.apache.catalina.startup.VersionLoggerListener.log 명령 행 아규먼트:  -Djdk.tls.ephemeralDHKeySize=2048
13-Aug-2021 21:14:22.139 정보 [main] org.apache.catalina.startup.VersionLoggerListener.log 명령 행 아규먼트:  -Djava.protocol.handler.pkgs=org.apache.catalina.webresources
13-Aug-2021 21:14:22.140 정보 [main] org.apache.catalina.startup.VersionLoggerListener.log 명령 행 아규먼트:  -Dignore.endorsed.dirs=
13-Aug-2021 21:14:22.142 정보 [main] org.apache.catalina.startup.VersionLoggerListener.log 명령 행 아규먼트:  -Dcatalina.base=C:\Users\emdgu\apache-tomcat-8.5.69\apache-tomcat-8.5.69
13-Aug-2021 21:14:22.144 정보 [main] org.apache.catalina.startup.VersionLoggerListener.log 명령 행 아규먼트:  -Dcatalina.home=C:\Users\emdgu\apache-tomcat-8.5.69\apache-tomcat-8.5.69
13-Aug-2021 21:14:22.146 정보 [main] org.apache.catalina.startup.VersionLoggerListener.log 명령 행 아규먼트:  -Djava.io.tmpdir=C:\Users\emdgu\apache-tomcat-8.5.69\apache-tomcat-8.5.69\temp
13-Aug-2021 21:14:22.152 정보 [main] org.apache.catalina.core.AprLifecycleListener.lifecycleEvent 프로덕션 환경들에서 최적의 성능을 제공하는, APR 기반 Apache Tomcat Native 라이브러리가, 다음 java.library.path에서 발견되지 않습니다: [C:\Program Files\Java\jdk1.8.0_261\bin;C:\WINDOWS\Sun\Java\bin;C:\WINDOWS\system32;C:\WINDOWS;C:\app\emdgu\product\12.1.0\dbhome_1\bin;C:\app\emdgu\product\12.1.0\client_3;C:\app\emdgu\product\12.1.0\client_2;C:\app\emdgu\product\12.1.0\client_1;C:\Users\emdgu\WINDOWS.X64_193000_db_home\bin;C:\Users\emdgu\Downloads\WINDOWS.X64_193000_db_home\bin;C:\Program Files (x86)\Common Files\Oracle\Java\javapath;C:\Program Files (x86)\Intel\Intel(R) Management Engine Components\iCLS\;C:\Program Files\Intel\Intel(R) Management Engine Components\iCLS\;C:\WINDOWS\system32;C:\WINDOWS;C:\WINDOWS\System32\Wbem;C:\WINDOWS\System32\WindowsPowerShell\v1.0\;C:\WINDOWS\System32\OpenSSH\;C:\Program Files (x86)\Intel\Intel(R) Management Engine Components\DAL;C:\Program Files\Intel\Intel(R) Management Engine Components\DAL;C:\Program Files\Java\jdk1.8.0_261\bin;C:\Program Files\Java\jdk1.8.0_261\bin;C:\Program Files\Git\cmd;C:\Users\emdgu\AppData\Local\Microsoft\WindowsApps;;.]
13-Aug-2021 21:14:22.466 정보 [main] org.apache.coyote.AbstractProtocol.init 프로토콜 핸들러 ["http-nio-8080"]을(를) 초기화합니다.
13-Aug-2021 21:14:23.557 정보 [main] org.apache.tomcat.util.net.NioSelectorPool.getSharedSelector Using a shared selector for servlet write/read
13-Aug-2021 21:14:23.579 정보 [main] org.apache.catalina.startup.Catalina.load Initialization processed in 2100 ms
13-Aug-2021 21:14:23.635 정보 [main] org.apache.catalina.core.StandardService.startInternal 서비스 [Catalina]을(를) 시작합니다.
13-Aug-2021 21:14:23.643 정보 [main] org.apache.catalina.core.StandardEngine.startInternal 서버 엔진을 시작합니다: [Apache Tomcat/8.5.69]
13-Aug-2021 21:14:23.661 정보 [localhost-startStop-1] org.apache.catalina.startup.HostConfig.deployDirectory 웹 애플리케이션 디렉토리 [C:\Users\emdgu\apache-tomcat-8.5.69\apache-tomcat-8.5.69\webapps\docs]을(를) 배치합니다.
13-Aug-2021 21:14:24.019 정보 [localhost-startStop-1] org.apache.catalina.startup.HostConfig.deployDirectory 웹 애플리케이션 디렉토리 [C:\Users\emdgu\apache-tomcat-8.5.69\apache-tomcat-8.5.69\webapps\docs]에 대한 배치가 [356] 밀리초에 완료되었습니다.
13-Aug-2021 21:14:24.026 정보 [localhost-startStop-1] org.apache.catalina.startup.HostConfig.deployDirectory 웹 애플리케이션 디렉토리 [C:\Users\emdgu\apache-tomcat-8.5.69\apache-tomcat-8.5.69\webapps\examples]을(를) 배치합니다.
13-Aug-2021 21:14:24.719 정보 [localhost-startStop-1] org.apache.catalina.startup.HostConfig.deployDirectory 웹 애플리케이션 디렉토리 [C:\Users\emdgu\apache-tomcat-8.5.69\apache-tomcat-8.5.69\webapps\examples]에 대한 배치가 [693] 밀리초에 완료되었습니다.
13-Aug-2021 21:14:24.724 정보 [localhost-startStop-1] org.apache.catalina.startup.HostConfig.deployDirectory 웹 애플리케이션 디렉토리 [C:\Users\emdgu\apache-tomcat-8.5.69\apache-tomcat-8.5.69\webapps\host-manager]을(를) 배치합니다.
13-Aug-2021 21:14:24.796 정보 [localhost-startStop-1] org.apache.catalina.startup.HostConfig.deployDirectory 웹 애플리케이션 디렉토리 [C:\Users\emdgu\apache-tomcat-8.5.69\apache-tomcat-8.5.69\webapps\host-manager]에 대한 배치가 [73] 밀리초에 완료되었습니다.
13-Aug-2021 21:14:24.801 정보 [localhost-startStop-1] org.apache.catalina.startup.HostConfig.deployDirectory 웹 애플리케이션 디렉토리 [C:\Users\emdgu\apache-tomcat-8.5.69\apache-tomcat-8.5.69\webapps\manager]을(를) 배치합니다.
13-Aug-2021 21:14:24.862 정보 [localhost-startStop-1] org.apache.catalina.startup.HostConfig.deployDirectory 웹 애플리케이션 디렉토리 [C:\Users\emdgu\apache-tomcat-8.5.69\apache-tomcat-8.5.69\webapps\manager]에 대한 배치가 [61] 밀리초에 완료되었습니다.
13-Aug-2021 21:14:24.867 정보 [localhost-startStop-1] org.apache.catalina.startup.HostConfig.deployDirectory 웹 애플리케이션 디렉토리 [C:\Users\emdgu\apache-tomcat-8.5.69\apache-tomcat-8.5.69\webapps\ROOT]을(를) 배치합니다.
13-Aug-2021 21:14:24.922 정보 [localhost-startStop-1] org.apache.catalina.startup.HostConfig.deployDirectory 웹 애플리케이션 디렉토리 [C:\Users\emdgu\apache-tomcat-8.5.69\apache-tomcat-8.5.69\webapps\ROOT]에 대한 배치가 [54] 밀리초에 완료되었습니다.
13-Aug-2021 21:14:24.932 정보 [main] org.apache.coyote.AbstractProtocol.start 프로토콜 핸들러 ["http-nio-8080"]을(를) 시작합니다.
13-Aug-2021 21:14:24.955 정보 [main] org.apache.catalina.startup.Catalina.start Server startup in 1369 ms
13-Aug-2021 21:29:06.368 정보 [localhost-startStop-2] org.apache.catalina.startup.HostConfig.deployDirectory 웹 애플리케이션 디렉토리 [C:\Users\emdgu\apache-tomcat-8.5.69\apache-tomcat-8.5.69\webapps\appB]을(를) 배치합니다.
13-Aug-2021 21:29:06.446 정보 [localhost-startStop-2] org.apache.catalina.startup.HostConfig.deployDirectory 웹 애플리케이션 디렉토리 [C:\Users\emdgu\apache-tomcat-8.5.69\apache-tomcat-8.5.69\webapps\appB]에 대한 배치가 [78] 밀리초에 완료되었습니다.
13-Aug-2021 21:29:06.449 정보 [localhost-startStop-2] org.apache.catalina.startup.HostConfig.deployDirectory 웹 애플리케이션 디렉토리 [C:\Users\emdgu\apache-tomcat-8.5.69\apache-tomcat-8.5.69\webapps\board]을(를) 배치합니다.
13-Aug-2021 21:29:07.071 정보 [localhost-startStop-2] org.apache.jasper.servlet.TldScanner.scanJars 적어도 하나의 JAR가 TLD들을 찾기 위해 스캔되었으나 아무 것도 찾지 못했습니다. 스캔했으나 TLD가 없는 JAR들의 전체 목록을 보시려면, 로그 레벨을 디버그 레벨로 설정하십시오. 스캔 과정에서 불필요한 JAR들을 건너뛰면, 시스템 시작 시간과 JSP 컴파일 시간을 단축시킬 수 있습니다.
13-Aug-2021 21:29:07.301 정보 [localhost-startStop-2] org.apache.catalina.startup.HostConfig.deployDirectory 웹 애플리케이션 디렉토리 [C:\Users\emdgu\apache-tomcat-8.5.69\apache-tomcat-8.5.69\webapps\board]에 대한 배치가 [853] 밀리초에 완료되었습니다.
13-Aug-2021 21:29:07.303 정보 [localhost-startStop-2] org.apache.catalina.startup.HostConfig.deployDirectory 웹 애플리케이션 디렉토리 [C:\Users\emdgu\apache-tomcat-8.5.69\apache-tomcat-8.5.69\webapps\chap02]을(를) 배치합니다.
13-Aug-2021 21:29:07.336 정보 [localhost-startStop-2] org.apache.catalina.startup.HostConfig.deployDirectory 웹 애플리케이션 디렉토리 [C:\Users\emdgu\apache-tomcat-8.5.69\apache-tomcat-8.5.69\webapps\chap02]에 대한 배치가 [33] 밀리초에 완료되었습니다.
13-Aug-2021 21:29:07.338 정보 [localhost-startStop-2] org.apache.catalina.startup.HostConfig.deployDirectory 웹 애플리케이션 디렉토리 [C:\Users\emdgu\apache-tomcat-8.5.69\apache-tomcat-8.5.69\webapps\chap03]을(를) 배치합니다.
13-Aug-2021 21:29:07.368 정보 [localhost-startStop-2] org.apache.catalina.startup.HostConfig.deployDirectory 웹 애플리케이션 디렉토리 [C:\Users\emdgu\apache-tomcat-8.5.69\apache-tomcat-8.5.69\webapps\chap03]에 대한 배치가 [30] 밀리초에 완료되었습니다.
13-Aug-2021 21:29:07.370 정보 [localhost-startStop-2] org.apache.catalina.startup.HostConfig.deployDirectory 웹 애플리케이션 디렉토리 [C:\Users\emdgu\apache-tomcat-8.5.69\apache-tomcat-8.5.69\webapps\chap04]을(를) 배치합니다.
13-Aug-2021 21:29:07.396 정보 [localhost-startStop-2] org.apache.catalina.startup.HostConfig.deployDirectory 웹 애플리케이션 디렉토리 [C:\Users\emdgu\apache-tomcat-8.5.69\apache-tomcat-8.5.69\webapps\chap04]에 대한 배치가 [26] 밀리초에 완료되었습니다.
13-Aug-2021 21:29:07.398 정보 [localhost-startStop-2] org.apache.catalina.startup.HostConfig.deployDirectory 웹 애플리케이션 디렉토리 [C:\Users\emdgu\apache-tomcat-8.5.69\apache-tomcat-8.5.69\webapps\chap05]을(를) 배치합니다.
13-Aug-2021 21:29:07.430 정보 [localhost-startStop-2] org.apache.catalina.startup.HostConfig.deployDirectory 웹 애플리케이션 디렉토리 [C:\Users\emdgu\apache-tomcat-8.5.69\apache-tomcat-8.5.69\webapps\chap05]에 대한 배치가 [32] 밀리초에 완료되었습니다.
13-Aug-2021 21:29:07.433 정보 [localhost-startStop-2] org.apache.catalina.startup.HostConfig.deployDirectory 웹 애플리케이션 디렉토리 [C:\Users\emdgu\apache-tomcat-8.5.69\apache-tomcat-8.5.69\webapps\chap06]을(를) 배치합니다.
13-Aug-2021 21:29:07.462 정보 [localhost-startStop-2] org.apache.catalina.startup.HostConfig.deployDirectory 웹 애플리케이션 디렉토리 [C:\Users\emdgu\apache-tomcat-8.5.69\apache-tomcat-8.5.69\webapps\chap06]에 대한 배치가 [29] 밀리초에 완료되었습니다.
13-Aug-2021 21:29:07.465 정보 [localhost-startStop-2] org.apache.catalina.startup.HostConfig.deployDirectory 웹 애플리케이션 디렉토리 [C:\Users\emdgu\apache-tomcat-8.5.69\apache-tomcat-8.5.69\webapps\chap07]을(를) 배치합니다.
13-Aug-2021 21:29:07.495 정보 [localhost-startStop-2] org.apache.catalina.startup.HostConfig.deployDirectory 웹 애플리케이션 디렉토리 [C:\Users\emdgu\apache-tomcat-8.5.69\apache-tomcat-8.5.69\webapps\chap07]에 대한 배치가 [30] 밀리초에 완료되었습니다.
13-Aug-2021 21:29:07.497 정보 [localhost-startStop-2] org.apache.catalina.startup.HostConfig.deployDirectory 웹 애플리케이션 디렉토리 [C:\Users\emdgu\apache-tomcat-8.5.69\apache-tomcat-8.5.69\webapps\chap08]을(를) 배치합니다.
13-Aug-2021 21:29:07.535 정보 [localhost-startStop-2] org.apache.catalina.startup.HostConfig.deployDirectory 웹 애플리케이션 디렉토리 [C:\Users\emdgu\apache-tomcat-8.5.69\apache-tomcat-8.5.69\webapps\chap08]에 대한 배치가 [38] 밀리초에 완료되었습니다.
13-Aug-2021 21:29:07.538 정보 [localhost-startStop-2] org.apache.catalina.startup.HostConfig.deployDirectory 웹 애플리케이션 디렉토리 [C:\Users\emdgu\apache-tomcat-8.5.69\apache-tomcat-8.5.69\webapps\chap09]을(를) 배치합니다.
13-Aug-2021 21:29:07.578 정보 [localhost-startStop-2] org.apache.catalina.startup.HostConfig.deployDirectory 웹 애플리케이션 디렉토리 [C:\Users\emdgu\apache-tomcat-8.5.69\apache-tomcat-8.5.69\webapps\chap09]에 대한 배치가 [40] 밀리초에 완료되었습니다.
13-Aug-2021 21:29:07.581 정보 [localhost-startStop-2] org.apache.catalina.startup.HostConfig.deployDirectory 웹 애플리케이션 디렉토리 [C:\Users\emdgu\apache-tomcat-8.5.69\apache-tomcat-8.5.69\webapps\chap10]을(를) 배치합니다.
13-Aug-2021 21:29:07.613 정보 [localhost-startStop-2] org.apache.catalina.startup.HostConfig.deployDirectory 웹 애플리케이션 디렉토리 [C:\Users\emdgu\apache-tomcat-8.5.69\apache-tomcat-8.5.69\webapps\chap10]에 대한 배치가 [32] 밀리초에 완료되었습니다.
13-Aug-2021 21:29:07.616 정보 [localhost-startStop-2] org.apache.catalina.startup.HostConfig.deployDirectory 웹 애플리케이션 디렉토리 [C:\Users\emdgu\apache-tomcat-8.5.69\apache-tomcat-8.5.69\webapps\chap10_2]을(를) 배치합니다.
13-Aug-2021 21:29:07.645 정보 [localhost-startStop-2] org.apache.catalina.startup.HostConfig.deployDirectory 웹 애플리케이션 디렉토리 [C:\Users\emdgu\apache-tomcat-8.5.69\apache-tomcat-8.5.69\webapps\chap10_2]에 대한 배치가 [29] 밀리초에 완료되었습니다.
13-Aug-2021 21:29:07.648 정보 [localhost-startStop-2] org.apache.catalina.startup.HostConfig.deployDirectory 웹 애플리케이션 디렉토리 [C:\Users\emdgu\apache-tomcat-8.5.69\apache-tomcat-8.5.69\webapps\chap11]을(를) 배치합니다.
13-Aug-2021 21:29:07.905 정보 [localhost-startStop-2] org.apache.catalina.startup.HostConfig.deployDirectory 웹 애플리케이션 디렉토리 [C:\Users\emdgu\apache-tomcat-8.5.69\apache-tomcat-8.5.69\webapps\chap11]에 대한 배치가 [257] 밀리초에 완료되었습니다.
13-Aug-2021 21:29:07.907 정보 [localhost-startStop-2] org.apache.catalina.startup.HostConfig.deployDirectory 웹 애플리케이션 디렉토리 [C:\Users\emdgu\apache-tomcat-8.5.69\apache-tomcat-8.5.69\webapps\chap12]을(를) 배치합니다.
13-Aug-2021 21:29:08.120 정보 [localhost-startStop-2] org.apache.catalina.startup.HostConfig.deployDirectory 웹 애플리케이션 디렉토리 [C:\Users\emdgu\apache-tomcat-8.5.69\apache-tomcat-8.5.69\webapps\chap12]에 대한 배치가 [213] 밀리초에 완료되었습니다.
13-Aug-2021 21:29:08.122 정보 [localhost-startStop-2] org.apache.catalina.startup.HostConfig.deployDirectory 웹 애플리케이션 디렉토리 [C:\Users\emdgu\apache-tomcat-8.5.69\apache-tomcat-8.5.69\webapps\chap13]을(를) 배치합니다.
13-Aug-2021 21:29:08.176 정보 [localhost-startStop-2] org.apache.catalina.startup.HostConfig.deployDirectory 웹 애플리케이션 디렉토리 [C:\Users\emdgu\apache-tomcat-8.5.69\apache-tomcat-8.5.69\webapps\chap13]에 대한 배치가 [54] 밀리초에 완료되었습니다.
13-Aug-2021 21:29:08.178 정보 [localhost-startStop-2] org.apache.catalina.startup.HostConfig.deployDirectory 웹 애플리케이션 디렉토리 [C:\Users\emdgu\apache-tomcat-8.5.69\apache-tomcat-8.5.69\webapps\chap14]을(를) 배치합니다.
13-Aug-2021 21:29:08.434 정보 [localhost-startStop-2] org.apache.jasper.servlet.TldScanner.scanJars 적어도 하나의 JAR가 TLD들을 찾기 위해 스캔되었으나 아무 것도 찾지 못했습니다. 스캔했으나 TLD가 없는 JAR들의 전체 목록을 보시려면, 로그 레벨을 디버그 레벨로 설정하십시오. 스캔 과정에서 불필요한 JAR들을 건너뛰면, 시스템 시작 시간과 JSP 컴파일 시간을 단축시킬 수 있습니다.
13-Aug-2021 21:29:08.510 정보 [localhost-startStop-2] org.apache.catalina.startup.HostConfig.deployDirectory 웹 애플리케이션 디렉토리 [C:\Users\emdgu\apache-tomcat-8.5.69\apache-tomcat-8.5.69\webapps\chap14]에 대한 배치가 [332] 밀리초에 완료되었습니다.
13-Aug-2021 21:29:08.515 정보 [localhost-startStop-2] org.apache.catalina.startup.HostConfig.deployDirectory 웹 애플리케이션 디렉토리 [C:\Users\emdgu\apache-tomcat-8.5.69\apache-tomcat-8.5.69\webapps\chap15]을(를) 배치합니다.
13-Aug-2021 21:29:08.901 정보 [localhost-startStop-2] org.apache.jasper.servlet.TldScanner.scanJars 적어도 하나의 JAR가 TLD들을 찾기 위해 스캔되었으나 아무 것도 찾지 못했습니다. 스캔했으나 TLD가 없는 JAR들의 전체 목록을 보시려면, 로그 레벨을 디버그 레벨로 설정하십시오. 스캔 과정에서 불필요한 JAR들을 건너뛰면, 시스템 시작 시간과 JSP 컴파일 시간을 단축시킬 수 있습니다.
13-Aug-2021 21:29:09.031 정보 [localhost-startStop-2] org.apache.catalina.startup.HostConfig.deployDirectory 웹 애플리케이션 디렉토리 [C:\Users\emdgu\apache-tomcat-8.5.69\apache-tomcat-8.5.69\webapps\chap15]에 대한 배치가 [516] 밀리초에 완료되었습니다.
13-Aug-2021 21:29:09.033 정보 [localhost-startStop-2] org.apache.catalina.startup.HostConfig.deployDirectory 웹 애플리케이션 디렉토리 [C:\Users\emdgu\apache-tomcat-8.5.69\apache-tomcat-8.5.69\webapps\chap16]을(를) 배치합니다.
13-Aug-2021 21:29:09.232 정보 [localhost-startStop-2] org.apache.catalina.startup.HostConfig.deployDirectory 웹 애플리케이션 디렉토리 [C:\Users\emdgu\apache-tomcat-8.5.69\apache-tomcat-8.5.69\webapps\chap16]에 대한 배치가 [199] 밀리초에 완료되었습니다.
13-Aug-2021 21:29:09.234 정보 [localhost-startStop-2] org.apache.catalina.startup.HostConfig.deployDirectory 웹 애플리케이션 디렉토리 [C:\Users\emdgu\apache-tomcat-8.5.69\apache-tomcat-8.5.69\webapps\chap17]을(를) 배치합니다.
13-Aug-2021 21:29:09.477 정보 [localhost-startStop-2] org.apache.jasper.servlet.TldScanner.scanJars 적어도 하나의 JAR가 TLD들을 찾기 위해 스캔되었으나 아무 것도 찾지 못했습니다. 스캔했으나 TLD가 없는 JAR들의 전체 목록을 보시려면, 로그 레벨을 디버그 레벨로 설정하십시오. 스캔 과정에서 불필요한 JAR들을 건너뛰면, 시스템 시작 시간과 JSP 컴파일 시간을 단축시킬 수 있습니다.
13-Aug-2021 21:29:09.552 정보 [localhost-startStop-2] org.apache.catalina.startup.HostConfig.deployDirectory 웹 애플리케이션 디렉토리 [C:\Users\emdgu\apache-tomcat-8.5.69\apache-tomcat-8.5.69\webapps\chap17]에 대한 배치가 [318] 밀리초에 완료되었습니다.
13-Aug-2021 21:29:09.556 정보 [localhost-startStop-2] org.apache.catalina.startup.HostConfig.deployDirectory 웹 애플리케이션 디렉토리 [C:\Users\emdgu\apache-tomcat-8.5.69\apache-tomcat-8.5.69\webapps\chap18]을(를) 배치합니다.
13-Aug-2021 21:29:09.633 정보 [localhost-startStop-2] org.apache.catalina.startup.HostConfig.deployDirectory 웹 애플리케이션 디렉토리 [C:\Users\emdgu\apache-tomcat-8.5.69\apache-tomcat-8.5.69\webapps\chap18]에 대한 배치가 [77] 밀리초에 완료되었습니다.
13-Aug-2021 21:29:09.637 정보 [localhost-startStop-2] org.apache.catalina.startup.HostConfig.deployDirectory 웹 애플리케이션 디렉토리 [C:\Users\emdgu\apache-tomcat-8.5.69\apache-tomcat-8.5.69\webapps\chap19]을(를) 배치합니다.
13-Aug-2021 21:29:09.711 정보 [localhost-startStop-2] org.apache.catalina.startup.HostConfig.deployDirectory 웹 애플리케이션 디렉토리 [C:\Users\emdgu\apache-tomcat-8.5.69\apache-tomcat-8.5.69\webapps\chap19]에 대한 배치가 [74] 밀리초에 완료되었습니다.
13-Aug-2021 21:29:09.715 정보 [localhost-startStop-2] org.apache.catalina.startup.HostConfig.deployDirectory 웹 애플리케이션 디렉토리 [C:\Users\emdgu\apache-tomcat-8.5.69\apache-tomcat-8.5.69\webapps\chap20]을(를) 배치합니다.
13-Aug-2021 21:29:09.994 정보 [localhost-startStop-2] org.apache.jasper.servlet.TldScanner.scanJars 적어도 하나의 JAR가 TLD들을 찾기 위해 스캔되었으나 아무 것도 찾지 못했습니다. 스캔했으나 TLD가 없는 JAR들의 전체 목록을 보시려면, 로그 레벨을 디버그 레벨로 설정하십시오. 스캔 과정에서 불필요한 JAR들을 건너뛰면, 시스템 시작 시간과 JSP 컴파일 시간을 단축시킬 수 있습니다.
13-Aug-2021 21:29:10.099 정보 [localhost-startStop-2] org.apache.catalina.startup.HostConfig.deployDirectory 웹 애플리케이션 디렉토리 [C:\Users\emdgu\apache-tomcat-8.5.69\apache-tomcat-8.5.69\webapps\chap20]에 대한 배치가 [384] 밀리초에 완료되었습니다.
