12-Sep-2021 16:49:35.194 정보 [main] org.apache.catalina.startup.VersionLoggerListener.log 서버 버전 이름:    Apache Tomcat/8.5.69
12-Sep-2021 16:49:35.222 정보 [main] org.apache.catalina.startup.VersionLoggerListener.log Server 빌드 시각:  Jun 30 2021 18:00:00 UTC
12-Sep-2021 16:49:35.222 정보 [main] org.apache.catalina.startup.VersionLoggerListener.log Server 버전 번호:  8.5.69.0
12-Sep-2021 16:49:35.223 정보 [main] org.apache.catalina.startup.VersionLoggerListener.log 운영체제 이름:     Windows 10
12-Sep-2021 16:49:35.223 정보 [main] org.apache.catalina.startup.VersionLoggerListener.log 운영체제 버전:     10.0
12-Sep-2021 16:49:35.224 정보 [main] org.apache.catalina.startup.VersionLoggerListener.log 아키텍처:          amd64
12-Sep-2021 16:49:35.224 정보 [main] org.apache.catalina.startup.VersionLoggerListener.log 자바 홈:           C:\Program Files\Java\jdk1.8.0_261\jre
12-Sep-2021 16:49:35.225 정보 [main] org.apache.catalina.startup.VersionLoggerListener.log JVM 버전:          1.8.0_261-b12
12-Sep-2021 16:49:35.226 정보 [main] org.apache.catalina.startup.VersionLoggerListener.log JVM 벤더:          Oracle Corporation
12-Sep-2021 16:49:35.226 정보 [main] org.apache.catalina.startup.VersionLoggerListener.log CATALINA_BASE:     C:\Users\emdgu\apache-tomcat-8.5.69\apache-tomcat-8.5.69
12-Sep-2021 16:49:35.227 정보 [main] org.apache.catalina.startup.VersionLoggerListener.log CATALINA_HOME:     C:\Users\emdgu\apache-tomcat-8.5.69\apache-tomcat-8.5.69
12-Sep-2021 16:49:35.229 정보 [main] org.apache.catalina.startup.VersionLoggerListener.log 명령 행 아규먼트:  -Djava.util.logging.config.file=C:\Users\emdgu\apache-tomcat-8.5.69\apache-tomcat-8.5.69\conf\logging.properties
12-Sep-2021 16:49:35.232 정보 [main] org.apache.catalina.startup.VersionLoggerListener.log 명령 행 아규먼트:  -Djava.util.logging.manager=org.apache.juli.ClassLoaderLogManager
12-Sep-2021 16:49:35.235 정보 [main] org.apache.catalina.startup.VersionLoggerListener.log 명령 행 아규먼트:  -Djdk.tls.ephemeralDHKeySize=2048
12-Sep-2021 16:49:35.246 정보 [main] org.apache.catalina.startup.VersionLoggerListener.log 명령 행 아규먼트:  -Djava.protocol.handler.pkgs=org.apache.catalina.webresources
12-Sep-2021 16:49:35.251 정보 [main] org.apache.catalina.startup.VersionLoggerListener.log 명령 행 아규먼트:  -Dignore.endorsed.dirs=
12-Sep-2021 16:49:35.255 정보 [main] org.apache.catalina.startup.VersionLoggerListener.log 명령 행 아규먼트:  -Dcatalina.base=C:\Users\emdgu\apache-tomcat-8.5.69\apache-tomcat-8.5.69
12-Sep-2021 16:49:35.259 정보 [main] org.apache.catalina.startup.VersionLoggerListener.log 명령 행 아규먼트:  -Dcatalina.home=C:\Users\emdgu\apache-tomcat-8.5.69\apache-tomcat-8.5.69
12-Sep-2021 16:49:35.261 정보 [main] org.apache.catalina.startup.VersionLoggerListener.log 명령 행 아규먼트:  -Djava.io.tmpdir=C:\Users\emdgu\apache-tomcat-8.5.69\apache-tomcat-8.5.69\temp
12-Sep-2021 16:49:35.264 정보 [main] org.apache.catalina.core.AprLifecycleListener.lifecycleEvent 프로덕션 환경들에서 최적의 성능을 제공하는, APR 기반 Apache Tomcat Native 라이브러리가, 다음 java.library.path에서 발견되지 않습니다: [C:\Program Files\Java\jdk1.8.0_261\bin;C:\WINDOWS\Sun\Java\bin;C:\WINDOWS\system32;C:\WINDOWS;C:\app\emdgu\product\12.1.0\dbhome_1\bin;C:\app\emdgu\product\12.1.0\client_3;C:\app\emdgu\product\12.1.0\client_2;C:\app\emdgu\product\12.1.0\client_1;C:\Users\emdgu\WINDOWS.X64_193000_db_home\bin;C:\Users\emdgu\Downloads\WINDOWS.X64_193000_db_home\bin;C:\Program Files (x86)\Common Files\Oracle\Java\javapath;C:\Program Files (x86)\Intel\Intel(R) Management Engine Components\iCLS\;C:\Program Files\Intel\Intel(R) Management Engine Components\iCLS\;C:\WINDOWS\system32;C:\WINDOWS;C:\WINDOWS\System32\Wbem;C:\WINDOWS\System32\WindowsPowerShell\v1.0\;C:\WINDOWS\System32\OpenSSH\;C:\Program Files (x86)\Intel\Intel(R) Management Engine Components\DAL;C:\Program Files\Intel\Intel(R) Management Engine Components\DAL;C:\Program Files\Java\jdk1.8.0_261\bin;C:\Program Files\Java\jdk1.8.0_261\bin;C:\Program Files\Git\cmd;C:\Users\emdgu\AppData\Local\Microsoft\WindowsApps;;.]
12-Sep-2021 16:49:35.818 정보 [main] org.apache.coyote.AbstractProtocol.init 프로토콜 핸들러 ["http-nio-8080"]을(를) 초기화합니다.
12-Sep-2021 16:49:37.380 정보 [main] org.apache.tomcat.util.net.NioSelectorPool.getSharedSelector Using a shared selector for servlet write/read
12-Sep-2021 16:49:37.415 정보 [main] org.apache.catalina.startup.Catalina.load Initialization processed in 3256 ms
12-Sep-2021 16:49:37.488 정보 [main] org.apache.catalina.core.StandardService.startInternal 서비스 [Catalina]을(를) 시작합니다.
12-Sep-2021 16:49:37.500 정보 [main] org.apache.catalina.core.StandardEngine.startInternal 서버 엔진을 시작합니다: [Apache Tomcat/8.5.69]
12-Sep-2021 16:49:37.529 정보 [localhost-startStop-1] org.apache.catalina.startup.HostConfig.deployDirectory 웹 애플리케이션 디렉토리 [C:\Users\emdgu\apache-tomcat-8.5.69\apache-tomcat-8.5.69\webapps\appB]을(를) 배치합니다.
12-Sep-2021 16:49:38.153 정보 [localhost-startStop-1] org.apache.catalina.startup.HostConfig.deployDirectory 웹 애플리케이션 디렉토리 [C:\Users\emdgu\apache-tomcat-8.5.69\apache-tomcat-8.5.69\webapps\appB]에 대한 배치가 [619] 밀리초에 완료되었습니다.
12-Sep-2021 16:49:38.162 정보 [localhost-startStop-1] org.apache.catalina.startup.HostConfig.deployDirectory 웹 애플리케이션 디렉토리 [C:\Users\emdgu\apache-tomcat-8.5.69\apache-tomcat-8.5.69\webapps\board]을(를) 배치합니다.
12-Sep-2021 16:49:39.344 정보 [localhost-startStop-1] org.apache.jasper.servlet.TldScanner.scanJars 적어도 하나의 JAR가 TLD들을 찾기 위해 스캔되었으나 아무 것도 찾지 못했습니다. 스캔했으나 TLD가 없는 JAR들의 전체 목록을 보시려면, 로그 레벨을 디버그 레벨로 설정하십시오. 스캔 과정에서 불필요한 JAR들을 건너뛰면, 시스템 시작 시간과 JSP 컴파일 시간을 단축시킬 수 있습니다.
12-Sep-2021 16:49:39.728 정보 [localhost-startStop-1] org.apache.catalina.startup.HostConfig.deployDirectory 웹 애플리케이션 디렉토리 [C:\Users\emdgu\apache-tomcat-8.5.69\apache-tomcat-8.5.69\webapps\board]에 대한 배치가 [1,565] 밀리초에 완료되었습니다.
12-Sep-2021 16:49:39.753 정보 [localhost-startStop-1] org.apache.catalina.startup.HostConfig.deployDirectory 웹 애플리케이션 디렉토리 [C:\Users\emdgu\apache-tomcat-8.5.69\apache-tomcat-8.5.69\webapps\chap02]을(를) 배치합니다.
12-Sep-2021 16:49:39.816 정보 [localhost-startStop-1] org.apache.catalina.startup.HostConfig.deployDirectory 웹 애플리케이션 디렉토리 [C:\Users\emdgu\apache-tomcat-8.5.69\apache-tomcat-8.5.69\webapps\chap02]에 대한 배치가 [63] 밀리초에 완료되었습니다.
12-Sep-2021 16:49:39.830 정보 [localhost-startStop-1] org.apache.catalina.startup.HostConfig.deployDirectory 웹 애플리케이션 디렉토리 [C:\Users\emdgu\apache-tomcat-8.5.69\apache-tomcat-8.5.69\webapps\chap03]을(를) 배치합니다.
12-Sep-2021 16:49:39.886 정보 [localhost-startStop-1] org.apache.catalina.startup.HostConfig.deployDirectory 웹 애플리케이션 디렉토리 [C:\Users\emdgu\apache-tomcat-8.5.69\apache-tomcat-8.5.69\webapps\chap03]에 대한 배치가 [56] 밀리초에 완료되었습니다.
12-Sep-2021 16:49:39.898 정보 [localhost-startStop-1] org.apache.catalina.startup.HostConfig.deployDirectory 웹 애플리케이션 디렉토리 [C:\Users\emdgu\apache-tomcat-8.5.69\apache-tomcat-8.5.69\webapps\chap04]을(를) 배치합니다.
12-Sep-2021 16:49:39.952 정보 [localhost-startStop-1] org.apache.catalina.startup.HostConfig.deployDirectory 웹 애플리케이션 디렉토리 [C:\Users\emdgu\apache-tomcat-8.5.69\apache-tomcat-8.5.69\webapps\chap04]에 대한 배치가 [54] 밀리초에 완료되었습니다.
12-Sep-2021 16:49:39.962 정보 [localhost-startStop-1] org.apache.catalina.startup.HostConfig.deployDirectory 웹 애플리케이션 디렉토리 [C:\Users\emdgu\apache-tomcat-8.5.69\apache-tomcat-8.5.69\webapps\chap05]을(를) 배치합니다.
12-Sep-2021 16:49:40.025 정보 [localhost-startStop-1] org.apache.catalina.startup.HostConfig.deployDirectory 웹 애플리케이션 디렉토리 [C:\Users\emdgu\apache-tomcat-8.5.69\apache-tomcat-8.5.69\webapps\chap05]에 대한 배치가 [62] 밀리초에 완료되었습니다.
12-Sep-2021 16:49:40.031 정보 [localhost-startStop-1] org.apache.catalina.startup.HostConfig.deployDirectory 웹 애플리케이션 디렉토리 [C:\Users\emdgu\apache-tomcat-8.5.69\apache-tomcat-8.5.69\webapps\chap06]을(를) 배치합니다.
12-Sep-2021 16:49:40.091 정보 [localhost-startStop-1] org.apache.catalina.startup.HostConfig.deployDirectory 웹 애플리케이션 디렉토리 [C:\Users\emdgu\apache-tomcat-8.5.69\apache-tomcat-8.5.69\webapps\chap06]에 대한 배치가 [60] 밀리초에 완료되었습니다.
12-Sep-2021 16:49:40.098 정보 [localhost-startStop-1] org.apache.catalina.startup.HostConfig.deployDirectory 웹 애플리케이션 디렉토리 [C:\Users\emdgu\apache-tomcat-8.5.69\apache-tomcat-8.5.69\webapps\chap07]을(를) 배치합니다.
12-Sep-2021 16:49:40.177 정보 [localhost-startStop-1] org.apache.catalina.startup.HostConfig.deployDirectory 웹 애플리케이션 디렉토리 [C:\Users\emdgu\apache-tomcat-8.5.69\apache-tomcat-8.5.69\webapps\chap07]에 대한 배치가 [79] 밀리초에 완료되었습니다.
12-Sep-2021 16:49:40.184 정보 [localhost-startStop-1] org.apache.catalina.startup.HostConfig.deployDirectory 웹 애플리케이션 디렉토리 [C:\Users\emdgu\apache-tomcat-8.5.69\apache-tomcat-8.5.69\webapps\chap08]을(를) 배치합니다.
12-Sep-2021 16:49:40.256 정보 [localhost-startStop-1] org.apache.catalina.startup.HostConfig.deployDirectory 웹 애플리케이션 디렉토리 [C:\Users\emdgu\apache-tomcat-8.5.69\apache-tomcat-8.5.69\webapps\chap08]에 대한 배치가 [72] 밀리초에 완료되었습니다.
12-Sep-2021 16:49:40.263 정보 [localhost-startStop-1] org.apache.catalina.startup.HostConfig.deployDirectory 웹 애플리케이션 디렉토리 [C:\Users\emdgu\apache-tomcat-8.5.69\apache-tomcat-8.5.69\webapps\chap09]을(를) 배치합니다.
12-Sep-2021 16:49:40.331 정보 [localhost-startStop-1] org.apache.catalina.startup.HostConfig.deployDirectory 웹 애플리케이션 디렉토리 [C:\Users\emdgu\apache-tomcat-8.5.69\apache-tomcat-8.5.69\webapps\chap09]에 대한 배치가 [68] 밀리초에 완료되었습니다.
12-Sep-2021 16:49:40.344 정보 [localhost-startStop-1] org.apache.catalina.startup.HostConfig.deployDirectory 웹 애플리케이션 디렉토리 [C:\Users\emdgu\apache-tomcat-8.5.69\apache-tomcat-8.5.69\webapps\chap10]을(를) 배치합니다.
12-Sep-2021 16:49:40.407 정보 [localhost-startStop-1] org.apache.catalina.startup.HostConfig.deployDirectory 웹 애플리케이션 디렉토리 [C:\Users\emdgu\apache-tomcat-8.5.69\apache-tomcat-8.5.69\webapps\chap10]에 대한 배치가 [63] 밀리초에 완료되었습니다.
12-Sep-2021 16:49:40.420 정보 [localhost-startStop-1] org.apache.catalina.startup.HostConfig.deployDirectory 웹 애플리케이션 디렉토리 [C:\Users\emdgu\apache-tomcat-8.5.69\apache-tomcat-8.5.69\webapps\chap10_2]을(를) 배치합니다.
12-Sep-2021 16:49:40.481 정보 [localhost-startStop-1] org.apache.catalina.startup.HostConfig.deployDirectory 웹 애플리케이션 디렉토리 [C:\Users\emdgu\apache-tomcat-8.5.69\apache-tomcat-8.5.69\webapps\chap10_2]에 대한 배치가 [61] 밀리초에 완료되었습니다.
12-Sep-2021 16:49:40.508 정보 [localhost-startStop-1] org.apache.catalina.startup.HostConfig.deployDirectory 웹 애플리케이션 디렉토리 [C:\Users\emdgu\apache-tomcat-8.5.69\apache-tomcat-8.5.69\webapps\chap11]을(를) 배치합니다.
12-Sep-2021 16:49:41.109 정보 [localhost-startStop-1] org.apache.catalina.startup.HostConfig.deployDirectory 웹 애플리케이션 디렉토리 [C:\Users\emdgu\apache-tomcat-8.5.69\apache-tomcat-8.5.69\webapps\chap11]에 대한 배치가 [601] 밀리초에 완료되었습니다.
12-Sep-2021 16:49:41.123 정보 [localhost-startStop-1] org.apache.catalina.startup.HostConfig.deployDirectory 웹 애플리케이션 디렉토리 [C:\Users\emdgu\apache-tomcat-8.5.69\apache-tomcat-8.5.69\webapps\chap12]을(를) 배치합니다.
12-Sep-2021 16:49:41.476 정보 [localhost-startStop-1] org.apache.catalina.startup.HostConfig.deployDirectory 웹 애플리케이션 디렉토리 [C:\Users\emdgu\apache-tomcat-8.5.69\apache-tomcat-8.5.69\webapps\chap12]에 대한 배치가 [353] 밀리초에 완료되었습니다.
12-Sep-2021 16:49:41.485 정보 [localhost-startStop-1] org.apache.catalina.startup.HostConfig.deployDirectory 웹 애플리케이션 디렉토리 [C:\Users\emdgu\apache-tomcat-8.5.69\apache-tomcat-8.5.69\webapps\chap13]을(를) 배치합니다.
12-Sep-2021 16:49:41.541 정보 [localhost-startStop-1] org.apache.catalina.startup.HostConfig.deployDirectory 웹 애플리케이션 디렉토리 [C:\Users\emdgu\apache-tomcat-8.5.69\apache-tomcat-8.5.69\webapps\chap13]에 대한 배치가 [56] 밀리초에 완료되었습니다.
12-Sep-2021 16:49:41.565 정보 [localhost-startStop-1] org.apache.catalina.startup.HostConfig.deployDirectory 웹 애플리케이션 디렉토리 [C:\Users\emdgu\apache-tomcat-8.5.69\apache-tomcat-8.5.69\webapps\chap14]을(를) 배치합니다.
12-Sep-2021 16:49:42.038 정보 [localhost-startStop-1] org.apache.jasper.servlet.TldScanner.scanJars 적어도 하나의 JAR가 TLD들을 찾기 위해 스캔되었으나 아무 것도 찾지 못했습니다. 스캔했으나 TLD가 없는 JAR들의 전체 목록을 보시려면, 로그 레벨을 디버그 레벨로 설정하십시오. 스캔 과정에서 불필요한 JAR들을 건너뛰면, 시스템 시작 시간과 JSP 컴파일 시간을 단축시킬 수 있습니다.
12-Sep-2021 16:49:42.170 정보 [localhost-startStop-1] org.apache.catalina.startup.HostConfig.deployDirectory 웹 애플리케이션 디렉토리 [C:\Users\emdgu\apache-tomcat-8.5.69\apache-tomcat-8.5.69\webapps\chap14]에 대한 배치가 [605] 밀리초에 완료되었습니다.
12-Sep-2021 16:49:42.184 정보 [localhost-startStop-1] org.apache.catalina.startup.HostConfig.deployDirectory 웹 애플리케이션 디렉토리 [C:\Users\emdgu\apache-tomcat-8.5.69\apache-tomcat-8.5.69\webapps\chap15]을(를) 배치합니다.
12-Sep-2021 16:49:42.910 정보 [localhost-startStop-1] org.apache.jasper.servlet.TldScanner.scanJars 적어도 하나의 JAR가 TLD들을 찾기 위해 스캔되었으나 아무 것도 찾지 못했습니다. 스캔했으나 TLD가 없는 JAR들의 전체 목록을 보시려면, 로그 레벨을 디버그 레벨로 설정하십시오. 스캔 과정에서 불필요한 JAR들을 건너뛰면, 시스템 시작 시간과 JSP 컴파일 시간을 단축시킬 수 있습니다.
12-Sep-2021 16:49:43.074 정보 [localhost-startStop-1] org.apache.catalina.startup.HostConfig.deployDirectory 웹 애플리케이션 디렉토리 [C:\Users\emdgu\apache-tomcat-8.5.69\apache-tomcat-8.5.69\webapps\chap15]에 대한 배치가 [890] 밀리초에 완료되었습니다.
12-Sep-2021 16:49:43.094 정보 [localhost-startStop-1] org.apache.catalina.startup.HostConfig.deployDirectory 웹 애플리케이션 디렉토리 [C:\Users\emdgu\apache-tomcat-8.5.69\apache-tomcat-8.5.69\webapps\chap16]을(를) 배치합니다.
12-Sep-2021 16:49:43.412 정보 [localhost-startStop-1] org.apache.catalina.startup.HostConfig.deployDirectory 웹 애플리케이션 디렉토리 [C:\Users\emdgu\apache-tomcat-8.5.69\apache-tomcat-8.5.69\webapps\chap16]에 대한 배치가 [318] 밀리초에 완료되었습니다.
12-Sep-2021 16:49:43.418 정보 [localhost-startStop-1] org.apache.catalina.startup.HostConfig.deployDirectory 웹 애플리케이션 디렉토리 [C:\Users\emdgu\apache-tomcat-8.5.69\apache-tomcat-8.5.69\webapps\chap17]을(를) 배치합니다.
12-Sep-2021 16:49:43.983 정보 [localhost-startStop-1] org.apache.jasper.servlet.TldScanner.scanJars 적어도 하나의 JAR가 TLD들을 찾기 위해 스캔되었으나 아무 것도 찾지 못했습니다. 스캔했으나 TLD가 없는 JAR들의 전체 목록을 보시려면, 로그 레벨을 디버그 레벨로 설정하십시오. 스캔 과정에서 불필요한 JAR들을 건너뛰면, 시스템 시작 시간과 JSP 컴파일 시간을 단축시킬 수 있습니다.
12-Sep-2021 16:49:44.132 정보 [localhost-startStop-1] org.apache.catalina.startup.HostConfig.deployDirectory 웹 애플리케이션 디렉토리 [C:\Users\emdgu\apache-tomcat-8.5.69\apache-tomcat-8.5.69\webapps\chap17]에 대한 배치가 [714] 밀리초에 완료되었습니다.
12-Sep-2021 16:49:44.140 정보 [localhost-startStop-1] org.apache.catalina.startup.HostConfig.deployDirectory 웹 애플리케이션 디렉토리 [C:\Users\emdgu\apache-tomcat-8.5.69\apache-tomcat-8.5.69\webapps\chap18]을(를) 배치합니다.
12-Sep-2021 16:49:44.283 정보 [localhost-startStop-1] org.apache.catalina.startup.HostConfig.deployDirectory 웹 애플리케이션 디렉토리 [C:\Users\emdgu\apache-tomcat-8.5.69\apache-tomcat-8.5.69\webapps\chap18]에 대한 배치가 [143] 밀리초에 완료되었습니다.
12-Sep-2021 16:49:44.292 정보 [localhost-startStop-1] org.apache.catalina.startup.HostConfig.deployDirectory 웹 애플리케이션 디렉토리 [C:\Users\emdgu\apache-tomcat-8.5.69\apache-tomcat-8.5.69\webapps\chap19]을(를) 배치합니다.
12-Sep-2021 16:49:44.449 정보 [localhost-startStop-1] org.apache.catalina.startup.HostConfig.deployDirectory 웹 애플리케이션 디렉토리 [C:\Users\emdgu\apache-tomcat-8.5.69\apache-tomcat-8.5.69\webapps\chap19]에 대한 배치가 [157] 밀리초에 완료되었습니다.
12-Sep-2021 16:49:44.465 정보 [localhost-startStop-1] org.apache.catalina.startup.HostConfig.deployDirectory 웹 애플리케이션 디렉토리 [C:\Users\emdgu\apache-tomcat-8.5.69\apache-tomcat-8.5.69\webapps\chap20]을(를) 배치합니다.
12-Sep-2021 16:49:44.991 정보 [localhost-startStop-1] org.apache.jasper.servlet.TldScanner.scanJars 적어도 하나의 JAR가 TLD들을 찾기 위해 스캔되었으나 아무 것도 찾지 못했습니다. 스캔했으나 TLD가 없는 JAR들의 전체 목록을 보시려면, 로그 레벨을 디버그 레벨로 설정하십시오. 스캔 과정에서 불필요한 JAR들을 건너뛰면, 시스템 시작 시간과 JSP 컴파일 시간을 단축시킬 수 있습니다.
12-Sep-2021 16:49:45.156 정보 [localhost-startStop-1] org.apache.catalina.startup.HostConfig.deployDirectory 웹 애플리케이션 디렉토리 [C:\Users\emdgu\apache-tomcat-8.5.69\apache-tomcat-8.5.69\webapps\chap20]에 대한 배치가 [691] 밀리초에 완료되었습니다.
12-Sep-2021 16:49:45.162 정보 [localhost-startStop-1] org.apache.catalina.startup.HostConfig.deployDirectory 웹 애플리케이션 디렉토리 [C:\Users\emdgu\apache-tomcat-8.5.69\apache-tomcat-8.5.69\webapps\docs]을(를) 배치합니다.
12-Sep-2021 16:49:45.213 정보 [localhost-startStop-1] org.apache.catalina.startup.HostConfig.deployDirectory 웹 애플리케이션 디렉토리 [C:\Users\emdgu\apache-tomcat-8.5.69\apache-tomcat-8.5.69\webapps\docs]에 대한 배치가 [51] 밀리초에 완료되었습니다.
12-Sep-2021 16:49:45.223 정보 [localhost-startStop-1] org.apache.catalina.startup.HostConfig.deployDirectory 웹 애플리케이션 디렉토리 [C:\Users\emdgu\apache-tomcat-8.5.69\apache-tomcat-8.5.69\webapps\examples]을(를) 배치합니다.
12-Sep-2021 16:49:46.204 정보 [localhost-startStop-1] org.apache.catalina.startup.HostConfig.deployDirectory 웹 애플리케이션 디렉토리 [C:\Users\emdgu\apache-tomcat-8.5.69\apache-tomcat-8.5.69\webapps\examples]에 대한 배치가 [981] 밀리초에 완료되었습니다.
12-Sep-2021 16:49:46.214 정보 [localhost-startStop-1] org.apache.catalina.startup.HostConfig.deployDirectory 웹 애플리케이션 디렉토리 [C:\Users\emdgu\apache-tomcat-8.5.69\apache-tomcat-8.5.69\webapps\host-manager]을(를) 배치합니다.
12-Sep-2021 16:49:46.282 정보 [localhost-startStop-1] org.apache.catalina.startup.HostConfig.deployDirectory 웹 애플리케이션 디렉토리 [C:\Users\emdgu\apache-tomcat-8.5.69\apache-tomcat-8.5.69\webapps\host-manager]에 대한 배치가 [68] 밀리초에 완료되었습니다.
12-Sep-2021 16:49:46.290 정보 [localhost-startStop-1] org.apache.catalina.startup.HostConfig.deployDirectory 웹 애플리케이션 디렉토리 [C:\Users\emdgu\apache-tomcat-8.5.69\apache-tomcat-8.5.69\webapps\manager]을(를) 배치합니다.
12-Sep-2021 16:49:46.357 정보 [localhost-startStop-1] org.apache.catalina.startup.HostConfig.deployDirectory 웹 애플리케이션 디렉토리 [C:\Users\emdgu\apache-tomcat-8.5.69\apache-tomcat-8.5.69\webapps\manager]에 대한 배치가 [68] 밀리초에 완료되었습니다.
12-Sep-2021 16:49:46.373 정보 [localhost-startStop-1] org.apache.catalina.startup.HostConfig.deployDirectory 웹 애플리케이션 디렉토리 [C:\Users\emdgu\apache-tomcat-8.5.69\apache-tomcat-8.5.69\webapps\ROOT]을(를) 배치합니다.
12-Sep-2021 16:49:46.423 정보 [localhost-startStop-1] org.apache.catalina.startup.HostConfig.deployDirectory 웹 애플리케이션 디렉토리 [C:\Users\emdgu\apache-tomcat-8.5.69\apache-tomcat-8.5.69\webapps\ROOT]에 대한 배치가 [50] 밀리초에 완료되었습니다.
12-Sep-2021 16:49:46.438 정보 [main] org.apache.coyote.AbstractProtocol.start 프로토콜 핸들러 ["http-nio-8080"]을(를) 시작합니다.
12-Sep-2021 16:49:46.467 정보 [main] org.apache.catalina.startup.Catalina.start Server startup in 9047 ms
